[2024-06-18T12:59:15.477+0000] {local_task_job_runner.py:120} INFO - ::group::Pre task execution logs
[2024-06-18T12:59:15.560+0000] {taskinstance.py:2076} INFO - Dependencies all met for dep_context=non-requeueable deps ti=<TaskInstance: user_automation.stream_data_from_api scheduled__2024-06-12T00:00:00+00:00 [queued]>
[2024-06-18T12:59:15.603+0000] {taskinstance.py:2076} INFO - Dependencies all met for dep_context=requeueable deps ti=<TaskInstance: user_automation.stream_data_from_api scheduled__2024-06-12T00:00:00+00:00 [queued]>
[2024-06-18T12:59:15.623+0000] {taskinstance.py:2306} INFO - Starting attempt 1 of 6
[2024-06-18T12:59:15.706+0000] {taskinstance.py:2330} INFO - Executing <Task(PythonOperator): stream_data_from_api> on 2024-06-12 00:00:00+00:00
[2024-06-18T12:59:15.776+0000] {standard_task_runner.py:63} INFO - Started process 13967 to run task
[2024-06-18T12:59:15.875+0000] {standard_task_runner.py:90} INFO - Running: ['***', 'tasks', 'run', 'user_automation', 'stream_data_from_api', 'scheduled__2024-06-12T00:00:00+00:00', '--job-id', '14', '--raw', '--subdir', 'DAGS_FOLDER/kafka_stream.py', '--cfg-path', '/tmp/tmp298ixuoi']
[2024-06-18T12:59:15.959+0000] {standard_task_runner.py:91} INFO - Job 14: Subtask stream_data_from_api
[2024-06-18T12:59:16.752+0000] {logging_mixin.py:188} WARNING - /home/***/.local/lib/python3.11/site-packages/***/settings.py:195 DeprecationWarning: The sql_alchemy_conn option in [core] has been moved to the sql_alchemy_conn option in [database] - the old setting has been used, but please update your config.
[2024-06-18T12:59:17.276+0000] {task_command.py:426} INFO - Running <TaskInstance: user_automation.stream_data_from_api scheduled__2024-06-12T00:00:00+00:00 [running]> on host 75e5c4deb481
[2024-06-18T12:59:18.766+0000] {taskinstance.py:2648} INFO - Exporting env vars: AIRFLOW_CTX_DAG_OWNER='gauss' AIRFLOW_CTX_DAG_ID='user_automation' AIRFLOW_CTX_TASK_ID='stream_data_from_api' AIRFLOW_CTX_EXECUTION_DATE='2024-06-12T00:00:00+00:00' AIRFLOW_CTX_TRY_NUMBER='1' AIRFLOW_CTX_DAG_RUN_ID='scheduled__2024-06-12T00:00:00+00:00'
[2024-06-18T12:59:18.773+0000] {taskinstance.py:430} INFO - ::endgroup::
[2024-06-18T12:59:18.964+0000] {conn.py:380} INFO - <BrokerConnection node_id=bootstrap-0 host=kafka1:29092 <connecting> [IPv4 ('172.18.0.8', 29092)]>: connecting to kafka1:29092 [('172.18.0.8', 29092) IPv4]
[2024-06-18T12:59:18.979+0000] {conn.py:1205} INFO - Probing node bootstrap-0 broker version
[2024-06-18T12:59:18.982+0000] {conn.py:410} INFO - <BrokerConnection node_id=bootstrap-0 host=kafka1:29092 <connecting> [IPv4 ('172.18.0.8', 29092)]>: Connection complete.
[2024-06-18T12:59:19.278+0000] {conn.py:1267} INFO - Broker version identified as 2.5.0
[2024-06-18T12:59:19.293+0000] {conn.py:1268} INFO - Set configuration api_version=(2, 5, 0) to skip auto check_version requests on startup
[2024-06-18T12:59:20.226+0000] {kafka_stream.py:59} ERROR - An error occured: Expecting value: line 1 column 1 (char 0)
[2024-06-18T12:59:20.681+0000] {conn.py:380} INFO - <BrokerConnection node_id=2 host=kafka2:29093 <connecting> [IPv4 ('172.18.0.6', 29093)]>: connecting to kafka2:29093 [('172.18.0.6', 29093) IPv4]
[2024-06-18T12:59:20.710+0000] {conn.py:410} INFO - <BrokerConnection node_id=2 host=kafka2:29093 <connecting> [IPv4 ('172.18.0.6', 29093)]>: Connection complete.
[2024-06-18T12:59:20.744+0000] {conn.py:919} INFO - <BrokerConnection node_id=bootstrap-0 host=kafka1:29092 <connected> [IPv4 ('172.18.0.8', 29092)]>: Closing connection. 
[2024-06-18T12:59:21.811+0000] {conn.py:380} INFO - <BrokerConnection node_id=1 host=kafka1:29092 <connecting> [IPv4 ('172.18.0.8', 29092)]>: connecting to kafka1:29092 [('172.18.0.8', 29092) IPv4]
[2024-06-18T12:59:21.814+0000] {conn.py:410} INFO - <BrokerConnection node_id=1 host=kafka1:29092 <connecting> [IPv4 ('172.18.0.8', 29092)]>: Connection complete.
[2024-06-18T12:59:21.823+0000] {record_accumulator.py:73} WARNING - Produced messages to topic-partition ('users_created', 0) with base offset -1 log start offset -1 and error None.
[2024-06-18T12:59:22.040+0000] {kafka_stream.py:59} ERROR - An error occured: Expecting value: line 1 column 1 (char 0)
[2024-06-18T12:59:23.399+0000] {kafka_stream.py:59} ERROR - An error occured: Expecting value: line 1 column 1 (char 0)
[2024-06-18T12:59:24.242+0000] {kafka_stream.py:59} ERROR - An error occured: Expecting value: line 1 column 1 (char 0)
[2024-06-18T12:59:24.424+0000] {kafka_stream.py:59} ERROR - An error occured: Expecting value: line 1 column 1 (char 0)
[2024-06-18T12:59:24.640+0000] {kafka_stream.py:59} ERROR - An error occured: Expecting value: line 1 column 1 (char 0)
[2024-06-18T12:59:24.873+0000] {kafka_stream.py:59} ERROR - An error occured: Expecting value: line 1 column 1 (char 0)
[2024-06-18T12:59:25.093+0000] {kafka_stream.py:59} ERROR - An error occured: Expecting value: line 1 column 1 (char 0)
[2024-06-18T12:59:25.421+0000] {kafka_stream.py:59} ERROR - An error occured: Expecting value: line 1 column 1 (char 0)
[2024-06-18T12:59:25.642+0000] {kafka_stream.py:59} ERROR - An error occured: Expecting value: line 1 column 1 (char 0)
[2024-06-18T12:59:25.908+0000] {kafka_stream.py:59} ERROR - An error occured: Expecting value: line 1 column 1 (char 0)
[2024-06-18T12:59:27.759+0000] {kafka_stream.py:59} ERROR - An error occured: Expecting value: line 1 column 1 (char 0)
[2024-06-18T12:59:28.524+0000] {kafka_stream.py:59} ERROR - An error occured: Expecting value: line 1 column 1 (char 0)
[2024-06-18T12:59:28.812+0000] {kafka_stream.py:59} ERROR - An error occured: Expecting value: line 1 column 1 (char 0)
[2024-06-18T12:59:29.045+0000] {kafka_stream.py:59} ERROR - An error occured: Expecting value: line 1 column 1 (char 0)
[2024-06-18T12:59:29.316+0000] {kafka_stream.py:59} ERROR - An error occured: Expecting value: line 1 column 1 (char 0)
[2024-06-18T12:59:29.599+0000] {kafka_stream.py:59} ERROR - An error occured: Expecting value: line 1 column 1 (char 0)
[2024-06-18T12:59:30.860+0000] {kafka_stream.py:59} ERROR - An error occured: Expecting value: line 1 column 1 (char 0)
[2024-06-18T12:59:31.048+0000] {kafka_stream.py:59} ERROR - An error occured: Expecting value: line 1 column 1 (char 0)
[2024-06-18T12:59:31.313+0000] {kafka_stream.py:59} ERROR - An error occured: Expecting value: line 1 column 1 (char 0)
[2024-06-18T12:59:31.583+0000] {kafka_stream.py:59} ERROR - An error occured: Expecting value: line 1 column 1 (char 0)
[2024-06-18T12:59:31.783+0000] {kafka_stream.py:59} ERROR - An error occured: Expecting value: line 1 column 1 (char 0)
[2024-06-18T12:59:32.046+0000] {kafka_stream.py:59} ERROR - An error occured: Expecting value: line 1 column 1 (char 0)
[2024-06-18T12:59:32.295+0000] {kafka_stream.py:59} ERROR - An error occured: Expecting value: line 1 column 1 (char 0)
[2024-06-18T12:59:32.484+0000] {kafka_stream.py:59} ERROR - An error occured: Expecting value: line 1 column 1 (char 0)
[2024-06-18T12:59:32.746+0000] {kafka_stream.py:59} ERROR - An error occured: Expecting value: line 1 column 1 (char 0)
[2024-06-18T12:59:33.002+0000] {kafka_stream.py:59} ERROR - An error occured: Expecting value: line 1 column 1 (char 0)
[2024-06-18T12:59:33.332+0000] {kafka_stream.py:59} ERROR - An error occured: Expecting value: line 1 column 1 (char 0)
[2024-06-18T12:59:34.649+0000] {kafka_stream.py:59} ERROR - An error occured: Expecting value: line 1 column 1 (char 0)
[2024-06-18T12:59:35.489+0000] {kafka_stream.py:59} ERROR - An error occured: Expecting value: line 1 column 1 (char 0)
[2024-06-18T12:59:35.696+0000] {kafka_stream.py:59} ERROR - An error occured: Expecting value: line 1 column 1 (char 0)
[2024-06-18T12:59:35.916+0000] {kafka_stream.py:59} ERROR - An error occured: Expecting value: line 1 column 1 (char 0)
[2024-06-18T12:59:36.192+0000] {kafka_stream.py:59} ERROR - An error occured: Expecting value: line 1 column 1 (char 0)
[2024-06-18T12:59:36.916+0000] {kafka_stream.py:59} ERROR - An error occured: Expecting value: line 1 column 1 (char 0)
[2024-06-18T12:59:38.132+0000] {kafka_stream.py:59} ERROR - An error occured: Expecting value: line 1 column 1 (char 0)
[2024-06-18T12:59:38.406+0000] {kafka_stream.py:59} ERROR - An error occured: Expecting value: line 1 column 1 (char 0)
[2024-06-18T12:59:38.649+0000] {kafka_stream.py:59} ERROR - An error occured: Expecting value: line 1 column 1 (char 0)
[2024-06-18T12:59:38.865+0000] {kafka_stream.py:59} ERROR - An error occured: Expecting value: line 1 column 1 (char 0)
[2024-06-18T12:59:39.070+0000] {kafka_stream.py:59} ERROR - An error occured: Expecting value: line 1 column 1 (char 0)
[2024-06-18T12:59:39.259+0000] {kafka_stream.py:59} ERROR - An error occured: Expecting value: line 1 column 1 (char 0)
[2024-06-18T12:59:39.482+0000] {kafka_stream.py:59} ERROR - An error occured: Expecting value: line 1 column 1 (char 0)
[2024-06-18T12:59:40.299+0000] {kafka_stream.py:59} ERROR - An error occured: Expecting value: line 1 column 1 (char 0)
[2024-06-18T12:59:41.411+0000] {kafka_stream.py:59} ERROR - An error occured: Expecting value: line 1 column 1 (char 0)
[2024-06-18T12:59:43.986+0000] {kafka_stream.py:59} ERROR - An error occured: Expecting value: line 1 column 1 (char 0)
[2024-06-18T12:59:44.188+0000] {kafka_stream.py:59} ERROR - An error occured: Expecting value: line 1 column 1 (char 0)
[2024-06-18T12:59:44.403+0000] {kafka_stream.py:59} ERROR - An error occured: Expecting value: line 1 column 1 (char 0)
[2024-06-18T12:59:45.873+0000] {kafka_stream.py:59} ERROR - An error occured: Expecting value: line 1 column 1 (char 0)
[2024-06-18T12:59:46.682+0000] {kafka_stream.py:59} ERROR - An error occured: Expecting value: line 1 column 1 (char 0)
[2024-06-18T12:59:46.948+0000] {kafka_stream.py:59} ERROR - An error occured: Expecting value: line 1 column 1 (char 0)
[2024-06-18T12:59:47.146+0000] {kafka_stream.py:59} ERROR - An error occured: Expecting value: line 1 column 1 (char 0)
[2024-06-18T12:59:47.367+0000] {kafka_stream.py:59} ERROR - An error occured: Expecting value: line 1 column 1 (char 0)
[2024-06-18T12:59:48.516+0000] {kafka_stream.py:59} ERROR - An error occured: Expecting value: line 1 column 1 (char 0)
[2024-06-18T12:59:48.792+0000] {kafka_stream.py:59} ERROR - An error occured: Expecting value: line 1 column 1 (char 0)
[2024-06-18T12:59:49.616+0000] {kafka_stream.py:59} ERROR - An error occured: Expecting value: line 1 column 1 (char 0)
[2024-06-18T12:59:50.846+0000] {kafka_stream.py:59} ERROR - An error occured: Expecting value: line 1 column 1 (char 0)
[2024-06-18T12:59:51.115+0000] {kafka_stream.py:59} ERROR - An error occured: Expecting value: line 1 column 1 (char 0)
[2024-06-18T12:59:51.378+0000] {kafka_stream.py:59} ERROR - An error occured: Expecting value: line 1 column 1 (char 0)
[2024-06-18T12:59:51.594+0000] {kafka_stream.py:59} ERROR - An error occured: Expecting value: line 1 column 1 (char 0)
[2024-06-18T12:59:51.799+0000] {kafka_stream.py:59} ERROR - An error occured: Expecting value: line 1 column 1 (char 0)
[2024-06-18T12:59:52.066+0000] {kafka_stream.py:59} ERROR - An error occured: Expecting value: line 1 column 1 (char 0)
[2024-06-18T12:59:52.781+0000] {kafka_stream.py:59} ERROR - An error occured: Expecting value: line 1 column 1 (char 0)
[2024-06-18T12:59:52.987+0000] {kafka_stream.py:59} ERROR - An error occured: Expecting value: line 1 column 1 (char 0)
[2024-06-18T12:59:53.196+0000] {kafka_stream.py:59} ERROR - An error occured: Expecting value: line 1 column 1 (char 0)
[2024-06-18T12:59:53.408+0000] {kafka_stream.py:59} ERROR - An error occured: Expecting value: line 1 column 1 (char 0)
[2024-06-18T12:59:54.159+0000] {kafka_stream.py:59} ERROR - An error occured: Expecting value: line 1 column 1 (char 0)
[2024-06-18T12:59:54.973+0000] {kafka_stream.py:59} ERROR - An error occured: Expecting value: line 1 column 1 (char 0)
[2024-06-18T12:59:55.167+0000] {kafka_stream.py:59} ERROR - An error occured: Expecting value: line 1 column 1 (char 0)
[2024-06-18T12:59:56.100+0000] {kafka_stream.py:59} ERROR - An error occured: Expecting value: line 1 column 1 (char 0)
[2024-06-18T12:59:56.388+0000] {kafka_stream.py:59} ERROR - An error occured: Expecting value: line 1 column 1 (char 0)
[2024-06-18T12:59:57.956+0000] {kafka_stream.py:59} ERROR - An error occured: Expecting value: line 1 column 1 (char 0)
[2024-06-18T12:59:58.231+0000] {kafka_stream.py:59} ERROR - An error occured: Expecting value: line 1 column 1 (char 0)
[2024-06-18T12:59:59.930+0000] {kafka_stream.py:59} ERROR - An error occured: Expecting value: line 1 column 1 (char 0)
[2024-06-18T13:00:00.138+0000] {kafka_stream.py:59} ERROR - An error occured: Expecting value: line 1 column 1 (char 0)
[2024-06-18T13:00:00.395+0000] {kafka_stream.py:59} ERROR - An error occured: Expecting value: line 1 column 1 (char 0)
[2024-06-18T13:00:00.591+0000] {kafka_stream.py:59} ERROR - An error occured: Expecting value: line 1 column 1 (char 0)
[2024-06-18T13:00:01.203+0000] {kafka_stream.py:59} ERROR - An error occured: Expecting value: line 1 column 1 (char 0)
[2024-06-18T13:00:02.035+0000] {kafka_stream.py:59} ERROR - An error occured: Expecting value: line 1 column 1 (char 0)
[2024-06-18T13:00:02.820+0000] {kafka_stream.py:59} ERROR - An error occured: Expecting value: line 1 column 1 (char 0)
[2024-06-18T13:00:03.585+0000] {kafka_stream.py:59} ERROR - An error occured: Expecting value: line 1 column 1 (char 0)
[2024-06-18T13:00:03.819+0000] {kafka_stream.py:59} ERROR - An error occured: Expecting value: line 1 column 1 (char 0)
[2024-06-18T13:00:04.115+0000] {kafka_stream.py:59} ERROR - An error occured: Expecting value: line 1 column 1 (char 0)
[2024-06-18T13:00:04.339+0000] {kafka_stream.py:59} ERROR - An error occured: Expecting value: line 1 column 1 (char 0)
[2024-06-18T13:00:04.631+0000] {kafka_stream.py:59} ERROR - An error occured: Expecting value: line 1 column 1 (char 0)
[2024-06-18T13:00:06.012+0000] {kafka_stream.py:59} ERROR - An error occured: Expecting value: line 1 column 1 (char 0)
[2024-06-18T13:00:06.226+0000] {kafka_stream.py:59} ERROR - An error occured: Expecting value: line 1 column 1 (char 0)
[2024-06-18T13:00:06.425+0000] {kafka_stream.py:59} ERROR - An error occured: Expecting value: line 1 column 1 (char 0)
[2024-06-18T13:00:07.253+0000] {kafka_stream.py:59} ERROR - An error occured: Expecting value: line 1 column 1 (char 0)
[2024-06-18T13:00:08.025+0000] {kafka_stream.py:59} ERROR - An error occured: Expecting value: line 1 column 1 (char 0)
[2024-06-18T13:00:08.819+0000] {kafka_stream.py:59} ERROR - An error occured: Expecting value: line 1 column 1 (char 0)
[2024-06-18T13:00:09.096+0000] {kafka_stream.py:59} ERROR - An error occured: Expecting value: line 1 column 1 (char 0)
[2024-06-18T13:00:09.361+0000] {kafka_stream.py:59} ERROR - An error occured: Expecting value: line 1 column 1 (char 0)
[2024-06-18T13:00:09.685+0000] {kafka_stream.py:59} ERROR - An error occured: Expecting value: line 1 column 1 (char 0)
[2024-06-18T13:00:09.986+0000] {kafka_stream.py:59} ERROR - An error occured: Expecting value: line 1 column 1 (char 0)
[2024-06-18T13:00:10.274+0000] {kafka_stream.py:59} ERROR - An error occured: Expecting value: line 1 column 1 (char 0)
[2024-06-18T13:00:10.525+0000] {kafka_stream.py:59} ERROR - An error occured: Expecting value: line 1 column 1 (char 0)
[2024-06-18T13:00:10.768+0000] {kafka_stream.py:59} ERROR - An error occured: Expecting value: line 1 column 1 (char 0)
[2024-06-18T13:00:10.990+0000] {kafka_stream.py:59} ERROR - An error occured: Expecting value: line 1 column 1 (char 0)
[2024-06-18T13:00:11.222+0000] {kafka_stream.py:59} ERROR - An error occured: Expecting value: line 1 column 1 (char 0)
[2024-06-18T13:00:11.489+0000] {kafka_stream.py:59} ERROR - An error occured: Expecting value: line 1 column 1 (char 0)
[2024-06-18T13:00:11.775+0000] {kafka_stream.py:59} ERROR - An error occured: Expecting value: line 1 column 1 (char 0)
[2024-06-18T13:00:12.036+0000] {kafka_stream.py:59} ERROR - An error occured: Expecting value: line 1 column 1 (char 0)
[2024-06-18T13:00:13.369+0000] {kafka_stream.py:59} ERROR - An error occured: Expecting value: line 1 column 1 (char 0)
[2024-06-18T13:00:14.637+0000] {kafka_stream.py:59} ERROR - An error occured: Expecting value: line 1 column 1 (char 0)
[2024-06-18T13:00:14.887+0000] {kafka_stream.py:59} ERROR - An error occured: Expecting value: line 1 column 1 (char 0)
[2024-06-18T13:00:15.102+0000] {kafka_stream.py:59} ERROR - An error occured: Expecting value: line 1 column 1 (char 0)
[2024-06-18T13:00:15.884+0000] {kafka_stream.py:59} ERROR - An error occured: Expecting value: line 1 column 1 (char 0)
[2024-06-18T13:00:16.095+0000] {kafka_stream.py:59} ERROR - An error occured: Expecting value: line 1 column 1 (char 0)
[2024-06-18T13:00:16.280+0000] {kafka_stream.py:59} ERROR - An error occured: Expecting value: line 1 column 1 (char 0)
[2024-06-18T13:00:16.541+0000] {kafka_stream.py:59} ERROR - An error occured: Expecting value: line 1 column 1 (char 0)
[2024-06-18T13:00:16.747+0000] {kafka_stream.py:59} ERROR - An error occured: Expecting value: line 1 column 1 (char 0)
[2024-06-18T13:00:17.020+0000] {kafka_stream.py:59} ERROR - An error occured: Expecting value: line 1 column 1 (char 0)
[2024-06-18T13:00:19.774+0000] {conn.py:919} INFO - <BrokerConnection node_id=2 host=kafka2:29093 <connected> [IPv4 ('172.18.0.6', 29093)]>: Closing connection. 
[2024-06-18T13:00:19.780+0000] {conn.py:919} INFO - <BrokerConnection node_id=1 host=kafka1:29092 <connected> [IPv4 ('172.18.0.8', 29092)]>: Closing connection. 
[2024-06-18T13:00:19.785+0000] {python.py:237} INFO - Done. Returned value was: None
[2024-06-18T13:00:19.798+0000] {taskinstance.py:441} INFO - ::group::Post task execution logs
[2024-06-18T13:00:19.842+0000] {taskinstance.py:1206} INFO - Marking task as SUCCESS. dag_id=user_automation, task_id=stream_data_from_api, run_id=scheduled__2024-06-12T00:00:00+00:00, execution_date=20240612T000000, start_date=20240618T125915, end_date=20240618T130019
[2024-06-18T13:00:19.930+0000] {local_task_job_runner.py:240} INFO - Task exited with return code 0
[2024-06-18T13:00:20.001+0000] {taskinstance.py:3498} INFO - 1 downstream tasks scheduled from follow-on schedule check
[2024-06-18T13:00:20.008+0000] {local_task_job_runner.py:222} INFO - ::endgroup::
