[2024-06-18T12:59:15.506+0000] {local_task_job_runner.py:120} INFO - ::group::Pre task execution logs
[2024-06-18T12:59:15.594+0000] {taskinstance.py:2076} INFO - Dependencies all met for dep_context=non-requeueable deps ti=<TaskInstance: user_automation.stream_data_from_api scheduled__2024-06-08T00:00:00+00:00 [queued]>
[2024-06-18T12:59:15.673+0000] {taskinstance.py:2076} INFO - Dependencies all met for dep_context=requeueable deps ti=<TaskInstance: user_automation.stream_data_from_api scheduled__2024-06-08T00:00:00+00:00 [queued]>
[2024-06-18T12:59:15.684+0000] {taskinstance.py:2306} INFO - Starting attempt 1 of 6
[2024-06-18T12:59:15.769+0000] {taskinstance.py:2330} INFO - Executing <Task(PythonOperator): stream_data_from_api> on 2024-06-08 00:00:00+00:00
[2024-06-18T12:59:15.842+0000] {standard_task_runner.py:63} INFO - Started process 13968 to run task
[2024-06-18T12:59:15.943+0000] {standard_task_runner.py:90} INFO - Running: ['***', 'tasks', 'run', 'user_automation', 'stream_data_from_api', 'scheduled__2024-06-08T00:00:00+00:00', '--job-id', '15', '--raw', '--subdir', 'DAGS_FOLDER/kafka_stream.py', '--cfg-path', '/tmp/tmpcs675vrh']
[2024-06-18T12:59:16.000+0000] {standard_task_runner.py:91} INFO - Job 15: Subtask stream_data_from_api
[2024-06-18T12:59:16.754+0000] {logging_mixin.py:188} WARNING - /home/***/.local/lib/python3.11/site-packages/***/settings.py:195 DeprecationWarning: The sql_alchemy_conn option in [core] has been moved to the sql_alchemy_conn option in [database] - the old setting has been used, but please update your config.
[2024-06-18T12:59:17.395+0000] {task_command.py:426} INFO - Running <TaskInstance: user_automation.stream_data_from_api scheduled__2024-06-08T00:00:00+00:00 [running]> on host 75e5c4deb481
[2024-06-18T12:59:18.756+0000] {taskinstance.py:2648} INFO - Exporting env vars: AIRFLOW_CTX_DAG_OWNER='gauss' AIRFLOW_CTX_DAG_ID='user_automation' AIRFLOW_CTX_TASK_ID='stream_data_from_api' AIRFLOW_CTX_EXECUTION_DATE='2024-06-08T00:00:00+00:00' AIRFLOW_CTX_TRY_NUMBER='1' AIRFLOW_CTX_DAG_RUN_ID='scheduled__2024-06-08T00:00:00+00:00'
[2024-06-18T12:59:18.774+0000] {taskinstance.py:430} INFO - ::endgroup::
[2024-06-18T12:59:18.919+0000] {conn.py:380} INFO - <BrokerConnection node_id=bootstrap-0 host=kafka1:29092 <connecting> [IPv4 ('172.18.0.8', 29092)]>: connecting to kafka1:29092 [('172.18.0.8', 29092) IPv4]
[2024-06-18T12:59:18.927+0000] {conn.py:1205} INFO - Probing node bootstrap-0 broker version
[2024-06-18T12:59:18.934+0000] {conn.py:410} INFO - <BrokerConnection node_id=bootstrap-0 host=kafka1:29092 <connecting> [IPv4 ('172.18.0.8', 29092)]>: Connection complete.
[2024-06-18T12:59:19.245+0000] {conn.py:1267} INFO - Broker version identified as 2.5.0
[2024-06-18T12:59:19.246+0000] {conn.py:1268} INFO - Set configuration api_version=(2, 5, 0) to skip auto check_version requests on startup
[2024-06-18T12:59:20.388+0000] {conn.py:380} INFO - <BrokerConnection node_id=1 host=kafka1:29092 <connecting> [IPv4 ('172.18.0.8', 29092)]>: connecting to kafka1:29092 [('172.18.0.8', 29092) IPv4]
[2024-06-18T12:59:20.398+0000] {conn.py:410} INFO - <BrokerConnection node_id=1 host=kafka1:29092 <connecting> [IPv4 ('172.18.0.8', 29092)]>: Connection complete.
[2024-06-18T12:59:20.410+0000] {conn.py:919} INFO - <BrokerConnection node_id=bootstrap-0 host=kafka1:29092 <connected> [IPv4 ('172.18.0.8', 29092)]>: Closing connection. 
[2024-06-18T12:59:22.317+0000] {kafka_stream.py:59} ERROR - An error occured: Expecting value: line 1 column 1 (char 0)
[2024-06-18T12:59:22.539+0000] {kafka_stream.py:59} ERROR - An error occured: Expecting value: line 1 column 1 (char 0)
[2024-06-18T12:59:23.288+0000] {kafka_stream.py:59} ERROR - An error occured: Expecting value: line 1 column 1 (char 0)
[2024-06-18T12:59:23.579+0000] {kafka_stream.py:59} ERROR - An error occured: Expecting value: line 1 column 1 (char 0)
[2024-06-18T12:59:23.826+0000] {kafka_stream.py:59} ERROR - An error occured: Expecting value: line 1 column 1 (char 0)
[2024-06-18T12:59:24.670+0000] {kafka_stream.py:59} ERROR - An error occured: Expecting value: line 1 column 1 (char 0)
[2024-06-18T12:59:24.933+0000] {kafka_stream.py:59} ERROR - An error occured: Expecting value: line 1 column 1 (char 0)
[2024-06-18T12:59:25.195+0000] {kafka_stream.py:59} ERROR - An error occured: Expecting value: line 1 column 1 (char 0)
[2024-06-18T12:59:25.453+0000] {kafka_stream.py:59} ERROR - An error occured: Expecting value: line 1 column 1 (char 0)
[2024-06-18T12:59:25.659+0000] {kafka_stream.py:59} ERROR - An error occured: Expecting value: line 1 column 1 (char 0)
[2024-06-18T12:59:25.925+0000] {kafka_stream.py:59} ERROR - An error occured: Expecting value: line 1 column 1 (char 0)
[2024-06-18T12:59:27.786+0000] {kafka_stream.py:59} ERROR - An error occured: Expecting value: line 1 column 1 (char 0)
[2024-06-18T12:59:28.051+0000] {kafka_stream.py:59} ERROR - An error occured: Expecting value: line 1 column 1 (char 0)
[2024-06-18T12:59:28.345+0000] {kafka_stream.py:59} ERROR - An error occured: Expecting value: line 1 column 1 (char 0)
[2024-06-18T12:59:28.553+0000] {kafka_stream.py:59} ERROR - An error occured: Expecting value: line 1 column 1 (char 0)
[2024-06-18T12:59:28.808+0000] {kafka_stream.py:59} ERROR - An error occured: Expecting value: line 1 column 1 (char 0)
[2024-06-18T12:59:29.524+0000] {kafka_stream.py:59} ERROR - An error occured: Expecting value: line 1 column 1 (char 0)
[2024-06-18T12:59:29.733+0000] {kafka_stream.py:59} ERROR - An error occured: Expecting value: line 1 column 1 (char 0)
[2024-06-18T12:59:30.002+0000] {kafka_stream.py:59} ERROR - An error occured: Expecting value: line 1 column 1 (char 0)
[2024-06-18T12:59:30.205+0000] {kafka_stream.py:59} ERROR - An error occured: Expecting value: line 1 column 1 (char 0)
[2024-06-18T12:59:31.433+0000] {kafka_stream.py:59} ERROR - An error occured: Expecting value: line 1 column 1 (char 0)
[2024-06-18T12:59:32.164+0000] {kafka_stream.py:59} ERROR - An error occured: Expecting value: line 1 column 1 (char 0)
[2024-06-18T12:59:32.362+0000] {kafka_stream.py:59} ERROR - An error occured: Expecting value: line 1 column 1 (char 0)
[2024-06-18T12:59:33.226+0000] {kafka_stream.py:59} ERROR - An error occured: Expecting value: line 1 column 1 (char 0)
[2024-06-18T12:59:33.867+0000] {kafka_stream.py:59} ERROR - An error occured: Expecting value: line 1 column 1 (char 0)
[2024-06-18T12:59:34.200+0000] {kafka_stream.py:59} ERROR - An error occured: Expecting value: line 1 column 1 (char 0)
[2024-06-18T12:59:34.439+0000] {kafka_stream.py:59} ERROR - An error occured: Expecting value: line 1 column 1 (char 0)
[2024-06-18T12:59:34.672+0000] {kafka_stream.py:59} ERROR - An error occured: Expecting value: line 1 column 1 (char 0)
[2024-06-18T12:59:34.925+0000] {kafka_stream.py:59} ERROR - An error occured: Expecting value: line 1 column 1 (char 0)
[2024-06-18T12:59:35.134+0000] {kafka_stream.py:59} ERROR - An error occured: Expecting value: line 1 column 1 (char 0)
[2024-06-18T12:59:35.350+0000] {kafka_stream.py:59} ERROR - An error occured: Expecting value: line 1 column 1 (char 0)
[2024-06-18T12:59:35.548+0000] {kafka_stream.py:59} ERROR - An error occured: Expecting value: line 1 column 1 (char 0)
[2024-06-18T12:59:35.779+0000] {kafka_stream.py:59} ERROR - An error occured: Expecting value: line 1 column 1 (char 0)
[2024-06-18T12:59:36.066+0000] {kafka_stream.py:59} ERROR - An error occured: Expecting value: line 1 column 1 (char 0)
[2024-06-18T12:59:36.288+0000] {kafka_stream.py:59} ERROR - An error occured: Expecting value: line 1 column 1 (char 0)
[2024-06-18T12:59:36.582+0000] {kafka_stream.py:59} ERROR - An error occured: Expecting value: line 1 column 1 (char 0)
[2024-06-18T12:59:36.800+0000] {kafka_stream.py:59} ERROR - An error occured: Expecting value: line 1 column 1 (char 0)
[2024-06-18T12:59:37.054+0000] {kafka_stream.py:59} ERROR - An error occured: Expecting value: line 1 column 1 (char 0)
[2024-06-18T12:59:37.267+0000] {kafka_stream.py:59} ERROR - An error occured: Expecting value: line 1 column 1 (char 0)
[2024-06-18T12:59:37.521+0000] {kafka_stream.py:59} ERROR - An error occured: Expecting value: line 1 column 1 (char 0)
[2024-06-18T12:59:37.775+0000] {kafka_stream.py:59} ERROR - An error occured: Expecting value: line 1 column 1 (char 0)
[2024-06-18T12:59:37.959+0000] {kafka_stream.py:59} ERROR - An error occured: Expecting value: line 1 column 1 (char 0)
[2024-06-18T12:59:38.155+0000] {kafka_stream.py:59} ERROR - An error occured: Expecting value: line 1 column 1 (char 0)
[2024-06-18T12:59:38.364+0000] {kafka_stream.py:59} ERROR - An error occured: Expecting value: line 1 column 1 (char 0)
[2024-06-18T12:59:38.566+0000] {kafka_stream.py:59} ERROR - An error occured: Expecting value: line 1 column 1 (char 0)
[2024-06-18T12:59:38.759+0000] {kafka_stream.py:59} ERROR - An error occured: Expecting value: line 1 column 1 (char 0)
[2024-06-18T12:59:39.596+0000] {kafka_stream.py:59} ERROR - An error occured: Expecting value: line 1 column 1 (char 0)
[2024-06-18T12:59:39.846+0000] {kafka_stream.py:59} ERROR - An error occured: Expecting value: line 1 column 1 (char 0)
[2024-06-18T12:59:40.098+0000] {kafka_stream.py:59} ERROR - An error occured: Expecting value: line 1 column 1 (char 0)
[2024-06-18T12:59:40.978+0000] {kafka_stream.py:59} ERROR - An error occured: Expecting value: line 1 column 1 (char 0)
[2024-06-18T12:59:41.189+0000] {kafka_stream.py:59} ERROR - An error occured: Expecting value: line 1 column 1 (char 0)
[2024-06-18T12:59:42.351+0000] {kafka_stream.py:59} ERROR - An error occured: Expecting value: line 1 column 1 (char 0)
[2024-06-18T12:59:42.555+0000] {kafka_stream.py:59} ERROR - An error occured: Expecting value: line 1 column 1 (char 0)
[2024-06-18T12:59:42.751+0000] {kafka_stream.py:59} ERROR - An error occured: Expecting value: line 1 column 1 (char 0)
[2024-06-18T12:59:42.960+0000] {kafka_stream.py:59} ERROR - An error occured: Expecting value: line 1 column 1 (char 0)
[2024-06-18T12:59:43.176+0000] {kafka_stream.py:59} ERROR - An error occured: Expecting value: line 1 column 1 (char 0)
[2024-06-18T12:59:43.404+0000] {kafka_stream.py:59} ERROR - An error occured: Expecting value: line 1 column 1 (char 0)
[2024-06-18T12:59:43.598+0000] {kafka_stream.py:59} ERROR - An error occured: Expecting value: line 1 column 1 (char 0)
[2024-06-18T12:59:43.795+0000] {kafka_stream.py:59} ERROR - An error occured: Expecting value: line 1 column 1 (char 0)
[2024-06-18T12:59:44.583+0000] {kafka_stream.py:59} ERROR - An error occured: Expecting value: line 1 column 1 (char 0)
[2024-06-18T12:59:44.800+0000] {kafka_stream.py:59} ERROR - An error occured: Expecting value: line 1 column 1 (char 0)
[2024-06-18T12:59:45.004+0000] {kafka_stream.py:59} ERROR - An error occured: Expecting value: line 1 column 1 (char 0)
[2024-06-18T12:59:45.209+0000] {kafka_stream.py:59} ERROR - An error occured: Expecting value: line 1 column 1 (char 0)
[2024-06-18T12:59:45.425+0000] {kafka_stream.py:59} ERROR - An error occured: Expecting value: line 1 column 1 (char 0)
[2024-06-18T12:59:45.697+0000] {kafka_stream.py:59} ERROR - An error occured: Expecting value: line 1 column 1 (char 0)
[2024-06-18T12:59:45.976+0000] {kafka_stream.py:59} ERROR - An error occured: Expecting value: line 1 column 1 (char 0)
[2024-06-18T12:59:46.171+0000] {kafka_stream.py:59} ERROR - An error occured: Expecting value: line 1 column 1 (char 0)
[2024-06-18T12:59:46.369+0000] {kafka_stream.py:59} ERROR - An error occured: Expecting value: line 1 column 1 (char 0)
[2024-06-18T12:59:47.126+0000] {kafka_stream.py:59} ERROR - An error occured: Expecting value: line 1 column 1 (char 0)
[2024-06-18T12:59:48.466+0000] {kafka_stream.py:59} ERROR - An error occured: Expecting value: line 1 column 1 (char 0)
[2024-06-18T12:59:49.307+0000] {kafka_stream.py:59} ERROR - An error occured: Expecting value: line 1 column 1 (char 0)
[2024-06-18T12:59:50.072+0000] {kafka_stream.py:59} ERROR - An error occured: Expecting value: line 1 column 1 (char 0)
[2024-06-18T12:59:50.293+0000] {kafka_stream.py:59} ERROR - An error occured: Expecting value: line 1 column 1 (char 0)
[2024-06-18T12:59:50.582+0000] {kafka_stream.py:59} ERROR - An error occured: Expecting value: line 1 column 1 (char 0)
[2024-06-18T12:59:50.862+0000] {kafka_stream.py:59} ERROR - An error occured: Expecting value: line 1 column 1 (char 0)
[2024-06-18T12:59:51.546+0000] {kafka_stream.py:59} ERROR - An error occured: Expecting value: line 1 column 1 (char 0)
[2024-06-18T12:59:51.744+0000] {kafka_stream.py:59} ERROR - An error occured: Expecting value: line 1 column 1 (char 0)
[2024-06-18T12:59:51.948+0000] {kafka_stream.py:59} ERROR - An error occured: Expecting value: line 1 column 1 (char 0)
[2024-06-18T12:59:53.686+0000] {kafka_stream.py:59} ERROR - An error occured: Expecting value: line 1 column 1 (char 0)
[2024-06-18T12:59:53.886+0000] {kafka_stream.py:59} ERROR - An error occured: Expecting value: line 1 column 1 (char 0)
[2024-06-18T12:59:54.346+0000] {kafka_stream.py:59} ERROR - An error occured: Expecting value: line 1 column 1 (char 0)
[2024-06-18T12:59:54.561+0000] {kafka_stream.py:59} ERROR - An error occured: Expecting value: line 1 column 1 (char 0)
[2024-06-18T12:59:55.314+0000] {kafka_stream.py:59} ERROR - An error occured: Expecting value: line 1 column 1 (char 0)
[2024-06-18T12:59:55.573+0000] {kafka_stream.py:59} ERROR - An error occured: Expecting value: line 1 column 1 (char 0)
[2024-06-18T12:59:55.777+0000] {kafka_stream.py:59} ERROR - An error occured: Expecting value: line 1 column 1 (char 0)
[2024-06-18T12:59:56.081+0000] {kafka_stream.py:59} ERROR - An error occured: Expecting value: line 1 column 1 (char 0)
[2024-06-18T12:59:57.081+0000] {kafka_stream.py:59} ERROR - An error occured: Expecting value: line 1 column 1 (char 0)
[2024-06-18T12:59:58.373+0000] {kafka_stream.py:59} ERROR - An error occured: Expecting value: line 1 column 1 (char 0)
[2024-06-18T12:59:58.579+0000] {kafka_stream.py:59} ERROR - An error occured: Expecting value: line 1 column 1 (char 0)
[2024-06-18T12:59:58.855+0000] {kafka_stream.py:59} ERROR - An error occured: Expecting value: line 1 column 1 (char 0)
[2024-06-18T12:59:59.181+0000] {kafka_stream.py:59} ERROR - An error occured: Expecting value: line 1 column 1 (char 0)
[2024-06-18T12:59:59.501+0000] {kafka_stream.py:59} ERROR - An error occured: Expecting value: line 1 column 1 (char 0)
[2024-06-18T13:00:00.656+0000] {kafka_stream.py:59} ERROR - An error occured: Expecting value: line 1 column 1 (char 0)
[2024-06-18T13:00:01.515+0000] {kafka_stream.py:59} ERROR - An error occured: Expecting value: line 1 column 1 (char 0)
[2024-06-18T13:00:01.760+0000] {kafka_stream.py:59} ERROR - An error occured: Expecting value: line 1 column 1 (char 0)
[2024-06-18T13:00:01.996+0000] {kafka_stream.py:59} ERROR - An error occured: Expecting value: line 1 column 1 (char 0)
[2024-06-18T13:00:02.189+0000] {kafka_stream.py:59} ERROR - An error occured: Expecting value: line 1 column 1 (char 0)
[2024-06-18T13:00:02.392+0000] {kafka_stream.py:59} ERROR - An error occured: Expecting value: line 1 column 1 (char 0)
[2024-06-18T13:00:02.602+0000] {kafka_stream.py:59} ERROR - An error occured: Expecting value: line 1 column 1 (char 0)
[2024-06-18T13:00:02.803+0000] {kafka_stream.py:59} ERROR - An error occured: Expecting value: line 1 column 1 (char 0)
[2024-06-18T13:00:02.994+0000] {kafka_stream.py:59} ERROR - An error occured: Expecting value: line 1 column 1 (char 0)
[2024-06-18T13:00:03.195+0000] {kafka_stream.py:59} ERROR - An error occured: Expecting value: line 1 column 1 (char 0)
[2024-06-18T13:00:03.453+0000] {kafka_stream.py:59} ERROR - An error occured: Expecting value: line 1 column 1 (char 0)
[2024-06-18T13:00:03.742+0000] {kafka_stream.py:59} ERROR - An error occured: Expecting value: line 1 column 1 (char 0)
[2024-06-18T13:00:04.026+0000] {kafka_stream.py:59} ERROR - An error occured: Expecting value: line 1 column 1 (char 0)
[2024-06-18T13:00:04.394+0000] {kafka_stream.py:59} ERROR - An error occured: Expecting value: line 1 column 1 (char 0)
[2024-06-18T13:00:04.675+0000] {kafka_stream.py:59} ERROR - An error occured: Expecting value: line 1 column 1 (char 0)
[2024-06-18T13:00:05.492+0000] {kafka_stream.py:59} ERROR - An error occured: Expecting value: line 1 column 1 (char 0)
[2024-06-18T13:00:05.699+0000] {kafka_stream.py:59} ERROR - An error occured: Expecting value: line 1 column 1 (char 0)
[2024-06-18T13:00:06.472+0000] {kafka_stream.py:59} ERROR - An error occured: Expecting value: line 1 column 1 (char 0)
[2024-06-18T13:00:06.746+0000] {kafka_stream.py:59} ERROR - An error occured: Expecting value: line 1 column 1 (char 0)
[2024-06-18T13:00:06.973+0000] {kafka_stream.py:59} ERROR - An error occured: Expecting value: line 1 column 1 (char 0)
[2024-06-18T13:00:07.200+0000] {kafka_stream.py:59} ERROR - An error occured: Expecting value: line 1 column 1 (char 0)
[2024-06-18T13:00:07.516+0000] {kafka_stream.py:59} ERROR - An error occured: Expecting value: line 1 column 1 (char 0)
[2024-06-18T13:00:07.718+0000] {kafka_stream.py:59} ERROR - An error occured: Expecting value: line 1 column 1 (char 0)
[2024-06-18T13:00:07.927+0000] {kafka_stream.py:59} ERROR - An error occured: Expecting value: line 1 column 1 (char 0)
[2024-06-18T13:00:08.718+0000] {kafka_stream.py:59} ERROR - An error occured: Expecting value: line 1 column 1 (char 0)
[2024-06-18T13:00:08.924+0000] {kafka_stream.py:59} ERROR - An error occured: Expecting value: line 1 column 1 (char 0)
[2024-06-18T13:00:09.179+0000] {kafka_stream.py:59} ERROR - An error occured: Expecting value: line 1 column 1 (char 0)
[2024-06-18T13:00:09.483+0000] {kafka_stream.py:59} ERROR - An error occured: Expecting value: line 1 column 1 (char 0)
[2024-06-18T13:00:10.250+0000] {kafka_stream.py:59} ERROR - An error occured: Expecting value: line 1 column 1 (char 0)
[2024-06-18T13:00:11.594+0000] {kafka_stream.py:59} ERROR - An error occured: Expecting value: line 1 column 1 (char 0)
[2024-06-18T13:00:11.784+0000] {kafka_stream.py:59} ERROR - An error occured: Expecting value: line 1 column 1 (char 0)
[2024-06-18T13:00:11.989+0000] {kafka_stream.py:59} ERROR - An error occured: Expecting value: line 1 column 1 (char 0)
[2024-06-18T13:00:13.792+0000] {kafka_stream.py:59} ERROR - An error occured: Expecting value: line 1 column 1 (char 0)
[2024-06-18T13:00:13.986+0000] {kafka_stream.py:59} ERROR - An error occured: Expecting value: line 1 column 1 (char 0)
[2024-06-18T13:00:14.248+0000] {kafka_stream.py:59} ERROR - An error occured: Expecting value: line 1 column 1 (char 0)
[2024-06-18T13:00:14.508+0000] {kafka_stream.py:59} ERROR - An error occured: Expecting value: line 1 column 1 (char 0)
[2024-06-18T13:00:15.924+0000] {kafka_stream.py:59} ERROR - An error occured: Expecting value: line 1 column 1 (char 0)
[2024-06-18T13:00:16.113+0000] {kafka_stream.py:59} ERROR - An error occured: Expecting value: line 1 column 1 (char 0)
[2024-06-18T13:00:17.434+0000] {kafka_stream.py:59} ERROR - An error occured: Expecting value: line 1 column 1 (char 0)
[2024-06-18T13:00:19.070+0000] {kafka_stream.py:59} ERROR - An error occured: Expecting value: line 1 column 1 (char 0)
[2024-06-18T13:00:19.265+0000] {kafka_stream.py:59} ERROR - An error occured: Expecting value: line 1 column 1 (char 0)
[2024-06-18T13:00:19.266+0000] {conn.py:919} INFO - <BrokerConnection node_id=1 host=kafka1:29092 <connected> [IPv4 ('172.18.0.8', 29092)]>: Closing connection. 
[2024-06-18T13:00:19.268+0000] {python.py:237} INFO - Done. Returned value was: None
[2024-06-18T13:00:19.270+0000] {taskinstance.py:441} INFO - ::group::Post task execution logs
[2024-06-18T13:00:19.285+0000] {taskinstance.py:1206} INFO - Marking task as SUCCESS. dag_id=user_automation, task_id=stream_data_from_api, run_id=scheduled__2024-06-08T00:00:00+00:00, execution_date=20240608T000000, start_date=20240618T125915, end_date=20240618T130019
[2024-06-18T13:00:19.347+0000] {local_task_job_runner.py:240} INFO - Task exited with return code 0
[2024-06-18T13:00:19.407+0000] {taskinstance.py:3498} INFO - 1 downstream tasks scheduled from follow-on schedule check
[2024-06-18T13:00:19.421+0000] {local_task_job_runner.py:222} INFO - ::endgroup::
