[2024-06-18T12:59:15.360+0000] {local_task_job_runner.py:120} INFO - ::group::Pre task execution logs
[2024-06-18T12:59:15.466+0000] {taskinstance.py:2076} INFO - Dependencies all met for dep_context=non-requeueable deps ti=<TaskInstance: user_automation.stream_data_from_api scheduled__2024-06-03T00:00:00+00:00 [queued]>
[2024-06-18T12:59:15.501+0000] {taskinstance.py:2076} INFO - Dependencies all met for dep_context=requeueable deps ti=<TaskInstance: user_automation.stream_data_from_api scheduled__2024-06-03T00:00:00+00:00 [queued]>
[2024-06-18T12:59:15.513+0000] {taskinstance.py:2306} INFO - Starting attempt 1 of 6
[2024-06-18T12:59:15.604+0000] {taskinstance.py:2330} INFO - Executing <Task(PythonOperator): stream_data_from_api> on 2024-06-03 00:00:00+00:00
[2024-06-18T12:59:15.764+0000] {standard_task_runner.py:63} INFO - Started process 13965 to run task
[2024-06-18T12:59:15.755+0000] {standard_task_runner.py:90} INFO - Running: ['***', 'tasks', 'run', 'user_automation', 'stream_data_from_api', 'scheduled__2024-06-03T00:00:00+00:00', '--job-id', '9', '--raw', '--subdir', 'DAGS_FOLDER/kafka_stream.py', '--cfg-path', '/tmp/tmpkfpz51h4']
[2024-06-18T12:59:15.843+0000] {standard_task_runner.py:91} INFO - Job 9: Subtask stream_data_from_api
[2024-06-18T12:59:16.089+0000] {logging_mixin.py:188} WARNING - /home/***/.local/lib/python3.11/site-packages/***/settings.py:195 DeprecationWarning: The sql_alchemy_conn option in [core] has been moved to the sql_alchemy_conn option in [database] - the old setting has been used, but please update your config.
[2024-06-18T12:59:16.907+0000] {task_command.py:426} INFO - Running <TaskInstance: user_automation.stream_data_from_api scheduled__2024-06-03T00:00:00+00:00 [running]> on host 75e5c4deb481
[2024-06-18T12:59:18.842+0000] {taskinstance.py:2648} INFO - Exporting env vars: AIRFLOW_CTX_DAG_OWNER='gauss' AIRFLOW_CTX_DAG_ID='user_automation' AIRFLOW_CTX_TASK_ID='stream_data_from_api' AIRFLOW_CTX_EXECUTION_DATE='2024-06-03T00:00:00+00:00' AIRFLOW_CTX_TRY_NUMBER='1' AIRFLOW_CTX_DAG_RUN_ID='scheduled__2024-06-03T00:00:00+00:00'
[2024-06-18T12:59:18.851+0000] {taskinstance.py:430} INFO - ::endgroup::
[2024-06-18T12:59:18.919+0000] {conn.py:380} INFO - <BrokerConnection node_id=bootstrap-0 host=kafka1:29092 <connecting> [IPv4 ('172.18.0.8', 29092)]>: connecting to kafka1:29092 [('172.18.0.8', 29092) IPv4]
[2024-06-18T12:59:18.928+0000] {conn.py:1205} INFO - Probing node bootstrap-0 broker version
[2024-06-18T12:59:18.934+0000] {conn.py:410} INFO - <BrokerConnection node_id=bootstrap-0 host=kafka1:29092 <connecting> [IPv4 ('172.18.0.8', 29092)]>: Connection complete.
[2024-06-18T12:59:19.243+0000] {conn.py:1267} INFO - Broker version identified as 2.5.0
[2024-06-18T12:59:19.245+0000] {conn.py:1268} INFO - Set configuration api_version=(2, 5, 0) to skip auto check_version requests on startup
[2024-06-18T12:59:20.235+0000] {kafka_stream.py:59} ERROR - An error occured: Expecting value: line 1 column 1 (char 0)
[2024-06-18T12:59:21.020+0000] {conn.py:380} INFO - <BrokerConnection node_id=2 host=kafka2:29093 <connecting> [IPv4 ('172.18.0.6', 29093)]>: connecting to kafka2:29093 [('172.18.0.6', 29093) IPv4]
[2024-06-18T12:59:21.149+0000] {conn.py:410} INFO - <BrokerConnection node_id=2 host=kafka2:29093 <connecting> [IPv4 ('172.18.0.6', 29093)]>: Connection complete.
[2024-06-18T12:59:21.264+0000] {conn.py:919} INFO - <BrokerConnection node_id=bootstrap-0 host=kafka1:29092 <connected> [IPv4 ('172.18.0.8', 29092)]>: Closing connection. 
[2024-06-18T12:59:21.793+0000] {conn.py:380} INFO - <BrokerConnection node_id=1 host=kafka1:29092 <connecting> [IPv4 ('172.18.0.8', 29092)]>: connecting to kafka1:29092 [('172.18.0.8', 29092) IPv4]
[2024-06-18T12:59:21.797+0000] {conn.py:410} INFO - <BrokerConnection node_id=1 host=kafka1:29092 <connecting> [IPv4 ('172.18.0.8', 29092)]>: Connection complete.
[2024-06-18T12:59:21.802+0000] {record_accumulator.py:73} WARNING - Produced messages to topic-partition ('users_created', 0) with base offset -1 log start offset -1 and error None.
[2024-06-18T12:59:21.990+0000] {kafka_stream.py:59} ERROR - An error occured: Expecting value: line 1 column 1 (char 0)
[2024-06-18T12:59:22.205+0000] {kafka_stream.py:59} ERROR - An error occured: Expecting value: line 1 column 1 (char 0)
[2024-06-18T12:59:24.101+0000] {kafka_stream.py:59} ERROR - An error occured: Expecting value: line 1 column 1 (char 0)
[2024-06-18T12:59:24.396+0000] {kafka_stream.py:59} ERROR - An error occured: Expecting value: line 1 column 1 (char 0)
[2024-06-18T12:59:25.259+0000] {kafka_stream.py:59} ERROR - An error occured: Expecting value: line 1 column 1 (char 0)
[2024-06-18T12:59:28.059+0000] {kafka_stream.py:59} ERROR - An error occured: Expecting value: line 1 column 1 (char 0)
[2024-06-18T12:59:28.283+0000] {kafka_stream.py:59} ERROR - An error occured: Expecting value: line 1 column 1 (char 0)
[2024-06-18T12:59:29.038+0000] {kafka_stream.py:59} ERROR - An error occured: Expecting value: line 1 column 1 (char 0)
[2024-06-18T12:59:29.283+0000] {kafka_stream.py:59} ERROR - An error occured: Expecting value: line 1 column 1 (char 0)
[2024-06-18T12:59:29.552+0000] {kafka_stream.py:59} ERROR - An error occured: Expecting value: line 1 column 1 (char 0)
[2024-06-18T12:59:29.776+0000] {kafka_stream.py:59} ERROR - An error occured: Expecting value: line 1 column 1 (char 0)
[2024-06-18T12:59:30.018+0000] {kafka_stream.py:59} ERROR - An error occured: Expecting value: line 1 column 1 (char 0)
[2024-06-18T12:59:30.273+0000] {kafka_stream.py:59} ERROR - An error occured: Expecting value: line 1 column 1 (char 0)
[2024-06-18T12:59:30.503+0000] {kafka_stream.py:59} ERROR - An error occured: Expecting value: line 1 column 1 (char 0)
[2024-06-18T12:59:30.708+0000] {kafka_stream.py:59} ERROR - An error occured: Expecting value: line 1 column 1 (char 0)
[2024-06-18T12:59:30.957+0000] {kafka_stream.py:59} ERROR - An error occured: Expecting value: line 1 column 1 (char 0)
[2024-06-18T12:59:31.227+0000] {kafka_stream.py:59} ERROR - An error occured: Expecting value: line 1 column 1 (char 0)
[2024-06-18T12:59:31.431+0000] {kafka_stream.py:59} ERROR - An error occured: Expecting value: line 1 column 1 (char 0)
[2024-06-18T12:59:31.713+0000] {kafka_stream.py:59} ERROR - An error occured: Expecting value: line 1 column 1 (char 0)
[2024-06-18T12:59:31.927+0000] {kafka_stream.py:59} ERROR - An error occured: Expecting value: line 1 column 1 (char 0)
[2024-06-18T12:59:32.167+0000] {kafka_stream.py:59} ERROR - An error occured: Expecting value: line 1 column 1 (char 0)
[2024-06-18T12:59:32.374+0000] {kafka_stream.py:59} ERROR - An error occured: Expecting value: line 1 column 1 (char 0)
[2024-06-18T12:59:32.593+0000] {kafka_stream.py:59} ERROR - An error occured: Expecting value: line 1 column 1 (char 0)
[2024-06-18T12:59:32.799+0000] {kafka_stream.py:59} ERROR - An error occured: Expecting value: line 1 column 1 (char 0)
[2024-06-18T12:59:33.121+0000] {kafka_stream.py:59} ERROR - An error occured: Expecting value: line 1 column 1 (char 0)
[2024-06-18T12:59:33.894+0000] {kafka_stream.py:59} ERROR - An error occured: Expecting value: line 1 column 1 (char 0)
[2024-06-18T12:59:34.187+0000] {kafka_stream.py:59} ERROR - An error occured: Expecting value: line 1 column 1 (char 0)
[2024-06-18T12:59:34.970+0000] {kafka_stream.py:59} ERROR - An error occured: Expecting value: line 1 column 1 (char 0)
[2024-06-18T12:59:35.185+0000] {kafka_stream.py:59} ERROR - An error occured: Expecting value: line 1 column 1 (char 0)
[2024-06-18T12:59:35.967+0000] {kafka_stream.py:59} ERROR - An error occured: Expecting value: line 1 column 1 (char 0)
[2024-06-18T12:59:36.255+0000] {kafka_stream.py:59} ERROR - An error occured: Expecting value: line 1 column 1 (char 0)
[2024-06-18T12:59:36.502+0000] {kafka_stream.py:59} ERROR - An error occured: Expecting value: line 1 column 1 (char 0)
[2024-06-18T12:59:38.253+0000] {kafka_stream.py:59} ERROR - An error occured: Expecting value: line 1 column 1 (char 0)
[2024-06-18T12:59:38.504+0000] {kafka_stream.py:59} ERROR - An error occured: Expecting value: line 1 column 1 (char 0)
[2024-06-18T12:59:38.700+0000] {kafka_stream.py:59} ERROR - An error occured: Expecting value: line 1 column 1 (char 0)
[2024-06-18T12:59:38.931+0000] {kafka_stream.py:59} ERROR - An error occured: Expecting value: line 1 column 1 (char 0)
[2024-06-18T12:59:39.136+0000] {kafka_stream.py:59} ERROR - An error occured: Expecting value: line 1 column 1 (char 0)
[2024-06-18T12:59:39.383+0000] {kafka_stream.py:59} ERROR - An error occured: Expecting value: line 1 column 1 (char 0)
[2024-06-18T12:59:40.172+0000] {kafka_stream.py:59} ERROR - An error occured: Expecting value: line 1 column 1 (char 0)
[2024-06-18T12:59:40.390+0000] {kafka_stream.py:59} ERROR - An error occured: Expecting value: line 1 column 1 (char 0)
[2024-06-18T12:59:41.152+0000] {kafka_stream.py:59} ERROR - An error occured: Expecting value: line 1 column 1 (char 0)
[2024-06-18T12:59:42.294+0000] {kafka_stream.py:59} ERROR - An error occured: Expecting value: line 1 column 1 (char 0)
[2024-06-18T12:59:42.517+0000] {kafka_stream.py:59} ERROR - An error occured: Expecting value: line 1 column 1 (char 0)
[2024-06-18T12:59:42.721+0000] {kafka_stream.py:59} ERROR - An error occured: Expecting value: line 1 column 1 (char 0)
[2024-06-18T12:59:42.912+0000] {kafka_stream.py:59} ERROR - An error occured: Expecting value: line 1 column 1 (char 0)
[2024-06-18T12:59:43.111+0000] {kafka_stream.py:59} ERROR - An error occured: Expecting value: line 1 column 1 (char 0)
[2024-06-18T12:59:43.327+0000] {kafka_stream.py:59} ERROR - An error occured: Expecting value: line 1 column 1 (char 0)
[2024-06-18T12:59:43.543+0000] {kafka_stream.py:59} ERROR - An error occured: Expecting value: line 1 column 1 (char 0)
[2024-06-18T12:59:43.795+0000] {kafka_stream.py:59} ERROR - An error occured: Expecting value: line 1 column 1 (char 0)
[2024-06-18T12:59:43.991+0000] {kafka_stream.py:59} ERROR - An error occured: Expecting value: line 1 column 1 (char 0)
[2024-06-18T12:59:44.810+0000] {kafka_stream.py:59} ERROR - An error occured: Expecting value: line 1 column 1 (char 0)
[2024-06-18T12:59:45.083+0000] {kafka_stream.py:59} ERROR - An error occured: Expecting value: line 1 column 1 (char 0)
[2024-06-18T12:59:45.850+0000] {kafka_stream.py:59} ERROR - An error occured: Expecting value: line 1 column 1 (char 0)
[2024-06-18T12:59:46.053+0000] {kafka_stream.py:59} ERROR - An error occured: Expecting value: line 1 column 1 (char 0)
[2024-06-18T12:59:46.329+0000] {kafka_stream.py:59} ERROR - An error occured: Expecting value: line 1 column 1 (char 0)
[2024-06-18T12:59:46.596+0000] {kafka_stream.py:59} ERROR - An error occured: Expecting value: line 1 column 1 (char 0)
[2024-06-18T12:59:46.797+0000] {kafka_stream.py:59} ERROR - An error occured: Expecting value: line 1 column 1 (char 0)
[2024-06-18T12:59:47.064+0000] {kafka_stream.py:59} ERROR - An error occured: Expecting value: line 1 column 1 (char 0)
[2024-06-18T12:59:47.277+0000] {kafka_stream.py:59} ERROR - An error occured: Expecting value: line 1 column 1 (char 0)
[2024-06-18T12:59:48.526+0000] {kafka_stream.py:59} ERROR - An error occured: Expecting value: line 1 column 1 (char 0)
[2024-06-18T12:59:48.792+0000] {kafka_stream.py:59} ERROR - An error occured: Expecting value: line 1 column 1 (char 0)
[2024-06-18T12:59:49.064+0000] {kafka_stream.py:59} ERROR - An error occured: Expecting value: line 1 column 1 (char 0)
[2024-06-18T12:59:49.314+0000] {kafka_stream.py:59} ERROR - An error occured: Expecting value: line 1 column 1 (char 0)
[2024-06-18T12:59:49.613+0000] {kafka_stream.py:59} ERROR - An error occured: Expecting value: line 1 column 1 (char 0)
[2024-06-18T12:59:49.906+0000] {kafka_stream.py:59} ERROR - An error occured: Expecting value: line 1 column 1 (char 0)
[2024-06-18T12:59:50.181+0000] {kafka_stream.py:59} ERROR - An error occured: Expecting value: line 1 column 1 (char 0)
[2024-06-18T12:59:50.387+0000] {kafka_stream.py:59} ERROR - An error occured: Expecting value: line 1 column 1 (char 0)
[2024-06-18T12:59:50.602+0000] {kafka_stream.py:59} ERROR - An error occured: Expecting value: line 1 column 1 (char 0)
[2024-06-18T12:59:52.351+0000] {kafka_stream.py:59} ERROR - An error occured: Expecting value: line 1 column 1 (char 0)
[2024-06-18T12:59:52.552+0000] {kafka_stream.py:59} ERROR - An error occured: Expecting value: line 1 column 1 (char 0)
[2024-06-18T12:59:52.744+0000] {kafka_stream.py:59} ERROR - An error occured: Expecting value: line 1 column 1 (char 0)
[2024-06-18T12:59:54.474+0000] {kafka_stream.py:59} ERROR - An error occured: Expecting value: line 1 column 1 (char 0)
[2024-06-18T12:59:54.667+0000] {kafka_stream.py:59} ERROR - An error occured: Expecting value: line 1 column 1 (char 0)
[2024-06-18T12:59:55.425+0000] {kafka_stream.py:59} ERROR - An error occured: Expecting value: line 1 column 1 (char 0)
[2024-06-18T12:59:55.696+0000] {kafka_stream.py:59} ERROR - An error occured: Expecting value: line 1 column 1 (char 0)
[2024-06-18T12:59:56.278+0000] {kafka_stream.py:59} ERROR - An error occured: Expecting value: line 1 column 1 (char 0)
[2024-06-18T12:59:57.179+0000] {kafka_stream.py:59} ERROR - An error occured: Expecting value: line 1 column 1 (char 0)
[2024-06-18T12:59:57.433+0000] {kafka_stream.py:59} ERROR - An error occured: Expecting value: line 1 column 1 (char 0)
[2024-06-18T12:59:57.663+0000] {kafka_stream.py:59} ERROR - An error occured: Expecting value: line 1 column 1 (char 0)
[2024-06-18T12:59:57.947+0000] {kafka_stream.py:59} ERROR - An error occured: Expecting value: line 1 column 1 (char 0)
[2024-06-18T12:59:58.161+0000] {kafka_stream.py:59} ERROR - An error occured: Expecting value: line 1 column 1 (char 0)
[2024-06-18T12:59:58.346+0000] {kafka_stream.py:59} ERROR - An error occured: Expecting value: line 1 column 1 (char 0)
[2024-06-18T12:59:58.597+0000] {kafka_stream.py:59} ERROR - An error occured: Expecting value: line 1 column 1 (char 0)
[2024-06-18T12:59:58.803+0000] {kafka_stream.py:59} ERROR - An error occured: Expecting value: line 1 column 1 (char 0)
[2024-06-18T13:00:01.205+0000] {kafka_stream.py:59} ERROR - An error occured: Expecting value: line 1 column 1 (char 0)
[2024-06-18T13:00:01.472+0000] {kafka_stream.py:59} ERROR - An error occured: Expecting value: line 1 column 1 (char 0)
[2024-06-18T13:00:01.726+0000] {kafka_stream.py:59} ERROR - An error occured: Expecting value: line 1 column 1 (char 0)
[2024-06-18T13:00:01.974+0000] {kafka_stream.py:59} ERROR - An error occured: Expecting value: line 1 column 1 (char 0)
[2024-06-18T13:00:02.168+0000] {kafka_stream.py:59} ERROR - An error occured: Expecting value: line 1 column 1 (char 0)
[2024-06-18T13:00:02.387+0000] {kafka_stream.py:59} ERROR - An error occured: Expecting value: line 1 column 1 (char 0)
[2024-06-18T13:00:02.651+0000] {kafka_stream.py:59} ERROR - An error occured: Expecting value: line 1 column 1 (char 0)
[2024-06-18T13:00:03.923+0000] {kafka_stream.py:59} ERROR - An error occured: Expecting value: line 1 column 1 (char 0)
[2024-06-18T13:00:05.042+0000] {kafka_stream.py:59} ERROR - An error occured: Expecting value: line 1 column 1 (char 0)
[2024-06-18T13:00:05.298+0000] {kafka_stream.py:59} ERROR - An error occured: Expecting value: line 1 column 1 (char 0)
[2024-06-18T13:00:05.534+0000] {kafka_stream.py:59} ERROR - An error occured: Expecting value: line 1 column 1 (char 0)
[2024-06-18T13:00:05.792+0000] {kafka_stream.py:59} ERROR - An error occured: Expecting value: line 1 column 1 (char 0)
[2024-06-18T13:00:06.016+0000] {kafka_stream.py:59} ERROR - An error occured: Expecting value: line 1 column 1 (char 0)
[2024-06-18T13:00:06.230+0000] {kafka_stream.py:59} ERROR - An error occured: Expecting value: line 1 column 1 (char 0)
[2024-06-18T13:00:06.425+0000] {kafka_stream.py:59} ERROR - An error occured: Expecting value: line 1 column 1 (char 0)
[2024-06-18T13:00:06.638+0000] {kafka_stream.py:59} ERROR - An error occured: Expecting value: line 1 column 1 (char 0)
[2024-06-18T13:00:06.895+0000] {kafka_stream.py:59} ERROR - An error occured: Expecting value: line 1 column 1 (char 0)
[2024-06-18T13:00:07.089+0000] {kafka_stream.py:59} ERROR - An error occured: Expecting value: line 1 column 1 (char 0)
[2024-06-18T13:00:07.285+0000] {kafka_stream.py:59} ERROR - An error occured: Expecting value: line 1 column 1 (char 0)
[2024-06-18T13:00:07.575+0000] {kafka_stream.py:59} ERROR - An error occured: Expecting value: line 1 column 1 (char 0)
[2024-06-18T13:00:07.794+0000] {kafka_stream.py:59} ERROR - An error occured: Expecting value: line 1 column 1 (char 0)
[2024-06-18T13:00:08.034+0000] {kafka_stream.py:59} ERROR - An error occured: Expecting value: line 1 column 1 (char 0)
[2024-06-18T13:00:08.290+0000] {kafka_stream.py:59} ERROR - An error occured: Expecting value: line 1 column 1 (char 0)
[2024-06-18T13:00:09.636+0000] {kafka_stream.py:59} ERROR - An error occured: Expecting value: line 1 column 1 (char 0)
[2024-06-18T13:00:10.457+0000] {kafka_stream.py:59} ERROR - An error occured: Expecting value: line 1 column 1 (char 0)
[2024-06-18T13:00:10.716+0000] {kafka_stream.py:59} ERROR - An error occured: Expecting value: line 1 column 1 (char 0)
[2024-06-18T13:00:11.005+0000] {kafka_stream.py:59} ERROR - An error occured: Expecting value: line 1 column 1 (char 0)
[2024-06-18T13:00:11.200+0000] {kafka_stream.py:59} ERROR - An error occured: Expecting value: line 1 column 1 (char 0)
[2024-06-18T13:00:11.443+0000] {kafka_stream.py:59} ERROR - An error occured: Expecting value: line 1 column 1 (char 0)
[2024-06-18T13:00:11.647+0000] {kafka_stream.py:59} ERROR - An error occured: Expecting value: line 1 column 1 (char 0)
[2024-06-18T13:00:12.436+0000] {kafka_stream.py:59} ERROR - An error occured: Expecting value: line 1 column 1 (char 0)
[2024-06-18T13:00:12.725+0000] {kafka_stream.py:59} ERROR - An error occured: Expecting value: line 1 column 1 (char 0)
[2024-06-18T13:00:12.939+0000] {kafka_stream.py:59} ERROR - An error occured: Expecting value: line 1 column 1 (char 0)
[2024-06-18T13:00:13.159+0000] {kafka_stream.py:59} ERROR - An error occured: Expecting value: line 1 column 1 (char 0)
[2024-06-18T13:00:14.863+0000] {kafka_stream.py:59} ERROR - An error occured: Expecting value: line 1 column 1 (char 0)
[2024-06-18T13:00:15.110+0000] {kafka_stream.py:59} ERROR - An error occured: Expecting value: line 1 column 1 (char 0)
[2024-06-18T13:00:15.321+0000] {kafka_stream.py:59} ERROR - An error occured: Expecting value: line 1 column 1 (char 0)
[2024-06-18T13:00:15.526+0000] {kafka_stream.py:59} ERROR - An error occured: Expecting value: line 1 column 1 (char 0)
[2024-06-18T13:00:15.776+0000] {kafka_stream.py:59} ERROR - An error occured: Expecting value: line 1 column 1 (char 0)
[2024-06-18T13:00:15.997+0000] {kafka_stream.py:59} ERROR - An error occured: Expecting value: line 1 column 1 (char 0)
[2024-06-18T13:00:16.193+0000] {kafka_stream.py:59} ERROR - An error occured: Expecting value: line 1 column 1 (char 0)
[2024-06-18T13:00:16.460+0000] {kafka_stream.py:59} ERROR - An error occured: Expecting value: line 1 column 1 (char 0)
[2024-06-18T13:00:16.715+0000] {kafka_stream.py:59} ERROR - An error occured: Expecting value: line 1 column 1 (char 0)
[2024-06-18T13:00:16.915+0000] {kafka_stream.py:59} ERROR - An error occured: Expecting value: line 1 column 1 (char 0)
[2024-06-18T13:00:17.192+0000] {kafka_stream.py:59} ERROR - An error occured: Expecting value: line 1 column 1 (char 0)
[2024-06-18T13:00:17.528+0000] {kafka_stream.py:59} ERROR - An error occured: Expecting value: line 1 column 1 (char 0)
[2024-06-18T13:00:18.547+0000] {kafka_stream.py:59} ERROR - An error occured: Expecting value: line 1 column 1 (char 0)
[2024-06-18T13:00:19.260+0000] {kafka_stream.py:59} ERROR - An error occured: Expecting value: line 1 column 1 (char 0)
[2024-06-18T13:00:19.263+0000] {conn.py:919} INFO - <BrokerConnection node_id=2 host=kafka2:29093 <connected> [IPv4 ('172.18.0.6', 29093)]>: Closing connection. 
[2024-06-18T13:00:19.265+0000] {conn.py:919} INFO - <BrokerConnection node_id=1 host=kafka1:29092 <connected> [IPv4 ('172.18.0.8', 29092)]>: Closing connection. 
[2024-06-18T13:00:19.267+0000] {python.py:237} INFO - Done. Returned value was: None
[2024-06-18T13:00:19.269+0000] {taskinstance.py:441} INFO - ::group::Post task execution logs
[2024-06-18T13:00:19.282+0000] {taskinstance.py:1206} INFO - Marking task as SUCCESS. dag_id=user_automation, task_id=stream_data_from_api, run_id=scheduled__2024-06-03T00:00:00+00:00, execution_date=20240603T000000, start_date=20240618T125915, end_date=20240618T130019
[2024-06-18T13:00:19.348+0000] {local_task_job_runner.py:240} INFO - Task exited with return code 0
[2024-06-18T13:00:19.406+0000] {taskinstance.py:3498} INFO - 1 downstream tasks scheduled from follow-on schedule check
[2024-06-18T13:00:19.418+0000] {local_task_job_runner.py:222} INFO - ::endgroup::
