[2024-06-18T15:10:48.357+0000] {local_task_job_runner.py:120} INFO - ::group::Pre task execution logs
[2024-06-18T15:10:48.416+0000] {taskinstance.py:2076} INFO - Dependencies all met for dep_context=non-requeueable deps ti=<TaskInstance: shopify_user.streaming_task manual__2024-06-18T15:10:47.027426+00:00 [queued]>
[2024-06-18T15:10:48.433+0000] {taskinstance.py:2076} INFO - Dependencies all met for dep_context=requeueable deps ti=<TaskInstance: shopify_user.streaming_task manual__2024-06-18T15:10:47.027426+00:00 [queued]>
[2024-06-18T15:10:48.434+0000] {taskinstance.py:2306} INFO - Starting attempt 1 of 6
[2024-06-18T15:10:48.935+0000] {taskinstance.py:2330} INFO - Executing <Task(PythonOperator): streaming_task> on 2024-06-18 15:10:47.027426+00:00
[2024-06-18T15:10:48.942+0000] {standard_task_runner.py:63} INFO - Started process 33475 to run task
[2024-06-18T15:10:48.945+0000] {standard_task_runner.py:90} INFO - Running: ['***', 'tasks', 'run', 'shopify_user', 'streaming_task', 'manual__2024-06-18T15:10:47.027426+00:00', '--job-id', '21', '--raw', '--subdir', 'DAGS_FOLDER/kafka_streams_shopify.py', '--cfg-path', '/tmp/tmp0onlmr9c']
[2024-06-18T15:10:48.947+0000] {standard_task_runner.py:91} INFO - Job 21: Subtask streaming_task
[2024-06-18T15:10:48.966+0000] {logging_mixin.py:188} WARNING - /home/***/.local/lib/python3.11/site-packages/***/settings.py:195 DeprecationWarning: The sql_alchemy_conn option in [core] has been moved to the sql_alchemy_conn option in [database] - the old setting has been used, but please update your config.
[2024-06-18T15:10:49.001+0000] {task_command.py:426} INFO - Running <TaskInstance: shopify_user.streaming_task manual__2024-06-18T15:10:47.027426+00:00 [running]> on host 75e5c4deb481
[2024-06-18T15:10:49.096+0000] {taskinstance.py:2648} INFO - Exporting env vars: AIRFLOW_CTX_DAG_OWNER='gauss' AIRFLOW_CTX_DAG_ID='shopify_user' AIRFLOW_CTX_TASK_ID='streaming_task' AIRFLOW_CTX_EXECUTION_DATE='2024-06-18T15:10:47.027426+00:00' AIRFLOW_CTX_TRY_NUMBER='1' AIRFLOW_CTX_DAG_RUN_ID='manual__2024-06-18T15:10:47.027426+00:00'
[2024-06-18T15:10:49.097+0000] {taskinstance.py:430} INFO - ::endgroup::
[2024-06-18T15:10:49.118+0000] {logging_mixin.py:188} INFO - {'name': 't-shirt', 'price': 693, 'category': 'vetement printent', 'instock': 'false', 'tags': 'version3', 'Descriiption': 'good for summer time', 'Filename': 'product5.gif'}
[2024-06-18T15:10:51.120+0000] {logging_mixin.py:188} INFO - {'name': 'chaussures', 'price': 506, 'category': 'vetement printent', 'instock': 'false', 'tags': 'version2', 'Descriiption': 'bon en hiverstylé', 'Filename': 'product2.png'}
[2024-06-18T15:10:51.121+0000] {logging_mixin.py:188} INFO - Message delivered to <built-in method topic of cimpl.Message object at 0x7fe0b464e940> [0]
[2024-06-18T15:10:53.122+0000] {logging_mixin.py:188} INFO - {'name': 'chaussures', 'price': 410, 'category': 'vetement été', 'instock': 'false', 'tags': 'version1', 'Descriiption': 'good for summer time', 'Filename': 'product1.png'}
[2024-06-18T15:10:53.123+0000] {logging_mixin.py:188} INFO - Message delivered to <built-in method topic of cimpl.Message object at 0x7fe0b464e940> [0]
[2024-06-18T15:10:55.124+0000] {logging_mixin.py:188} INFO - {'name': 'robe', 'price': 854, 'category': 'vetement printent', 'instock': 'true', 'tags': 'version3', 'Descriiption': 'good for summer time', 'Filename': 'product5.gif'}
[2024-06-18T15:10:55.125+0000] {logging_mixin.py:188} INFO - Message delivered to <built-in method topic of cimpl.Message object at 0x7fe0b464e940> [0]
[2024-06-18T15:10:57.126+0000] {logging_mixin.py:188} INFO - {'name': 'chemise', 'price': 106, 'category': 'vetement printent', 'instock': 'true', 'tags': 'version2', 'Descriiption': 'confortable', 'Filename': 'product3.jpg'}
[2024-06-18T15:10:57.129+0000] {logging_mixin.py:188} INFO - Message delivered to <built-in method topic of cimpl.Message object at 0x7fe0b464e940> [0]
[2024-06-18T15:10:59.130+0000] {logging_mixin.py:188} INFO - {'name': 'pantalon', 'price': 358, 'category': 'vetement hiver', 'instock': 'false', 'tags': 'version3', 'Descriiption': 'bon en hiverstylé', 'Filename': 'product5.gif'}
[2024-06-18T15:10:59.131+0000] {logging_mixin.py:188} INFO - Message delivered to <built-in method topic of cimpl.Message object at 0x7fe0b464e940> [0]
[2024-06-18T15:11:01.132+0000] {logging_mixin.py:188} INFO - {'name': 'pantalon', 'price': 914, 'category': 'vetement été', 'instock': 'false', 'tags': 'version2', 'Descriiption': 'good for summer time', 'Filename': 'product3.jpg'}
[2024-06-18T15:11:01.133+0000] {logging_mixin.py:188} INFO - Message delivered to <built-in method topic of cimpl.Message object at 0x7fe0b464e940> [0]
[2024-06-18T15:11:03.133+0000] {logging_mixin.py:188} INFO - {'name': 'short', 'price': 649, 'category': 'vetement automne', 'instock': 'false', 'tags': 'version2', 'Descriiption': 'confortable', 'Filename': 'product2.png'}
[2024-06-18T15:11:03.148+0000] {logging_mixin.py:188} INFO - Message delivered to <built-in method topic of cimpl.Message object at 0x7fe0b464e940> [0]
[2024-06-18T15:11:05.153+0000] {logging_mixin.py:188} INFO - {'name': 'short', 'price': 42, 'category': 'vetement printent', 'instock': 'false', 'tags': 'version3', 'Descriiption': 'confortable', 'Filename': 'product4.jpeg'}
[2024-06-18T15:11:05.154+0000] {logging_mixin.py:188} INFO - Message delivered to <built-in method topic of cimpl.Message object at 0x7fe0b464e940> [0]
[2024-06-18T15:11:07.155+0000] {logging_mixin.py:188} INFO - {'name': 'chemise', 'price': 311, 'category': 'vetement automne', 'instock': 'false', 'tags': 'version3', 'Descriiption': 'good for summer time', 'Filename': 'product1.png'}
[2024-06-18T15:11:07.155+0000] {logging_mixin.py:188} INFO - Message delivered to <built-in method topic of cimpl.Message object at 0x7fe0b464e940> [0]
[2024-06-18T15:11:09.156+0000] {logging_mixin.py:188} INFO - {'name': 'pantalon', 'price': 975, 'category': 'vetement hiver', 'instock': 'true', 'tags': 'version2', 'Descriiption': 'good for summer time', 'Filename': 'product1.png'}
[2024-06-18T15:11:09.157+0000] {logging_mixin.py:188} INFO - Message delivered to <built-in method topic of cimpl.Message object at 0x7fe0b464e940> [0]
[2024-06-18T15:11:11.158+0000] {logging_mixin.py:188} INFO - {'name': 'jupe', 'price': 964, 'category': 'vetement hiver', 'instock': 'false', 'tags': 'version3', 'Descriiption': 'confortable', 'Filename': 'product1.png'}
[2024-06-18T15:11:11.161+0000] {logging_mixin.py:188} INFO - Message delivered to <built-in method topic of cimpl.Message object at 0x7fe0b464e940> [0]
[2024-06-18T15:11:13.162+0000] {logging_mixin.py:188} INFO - {'name': 'pantalon', 'price': 571, 'category': 'vetement hiver', 'instock': 'false', 'tags': 'version1', 'Descriiption': 'bon en hiverstylé', 'Filename': 'product4.jpeg'}
[2024-06-18T15:11:13.163+0000] {logging_mixin.py:188} INFO - Message delivered to <built-in method topic of cimpl.Message object at 0x7fe0b464e940> [0]
[2024-06-18T15:11:15.164+0000] {logging_mixin.py:188} INFO - {'name': 'pantalon', 'price': 997, 'category': 'vetement été', 'instock': 'true', 'tags': 'version3', 'Descriiption': 'bon en hiverstylé', 'Filename': 'product5.gif'}
[2024-06-18T15:11:15.166+0000] {logging_mixin.py:188} INFO - Message delivered to <built-in method topic of cimpl.Message object at 0x7fe0b464e940> [0]
[2024-06-18T15:11:17.166+0000] {logging_mixin.py:188} INFO - {'name': 'pantalon', 'price': 528, 'category': 'vetement hiver', 'instock': 'false', 'tags': 'version1', 'Descriiption': 'bon en hiverstylé', 'Filename': 'product2.png'}
[2024-06-18T15:11:17.168+0000] {logging_mixin.py:188} INFO - Message delivered to <built-in method topic of cimpl.Message object at 0x7fe0b464e940> [0]
[2024-06-18T15:11:19.168+0000] {logging_mixin.py:188} INFO - {'name': 'chemise', 'price': 786, 'category': 'vetement automne', 'instock': 'false', 'tags': 'version3', 'Descriiption': 'bon en hiverstylé', 'Filename': 'product5.gif'}
[2024-06-18T15:11:19.169+0000] {logging_mixin.py:188} INFO - Message delivered to <built-in method topic of cimpl.Message object at 0x7fe0b464e940> [0]
[2024-06-18T15:11:21.170+0000] {logging_mixin.py:188} INFO - {'name': 'short', 'price': 52, 'category': 'vetement printent', 'instock': 'false', 'tags': 'version1', 'Descriiption': 'bon en hiverstylé', 'Filename': 'product3.jpg'}
[2024-06-18T15:11:21.171+0000] {logging_mixin.py:188} INFO - Message delivered to <built-in method topic of cimpl.Message object at 0x7fe0b464e940> [0]
[2024-06-18T15:11:23.171+0000] {logging_mixin.py:188} INFO - {'name': 'short', 'price': 702, 'category': 'vetement automne', 'instock': 'true', 'tags': 'version3', 'Descriiption': 'confortable', 'Filename': 'product2.png'}
[2024-06-18T15:11:23.172+0000] {logging_mixin.py:188} INFO - Message delivered to <built-in method topic of cimpl.Message object at 0x7fe0b464e940> [0]
[2024-06-18T15:11:25.173+0000] {logging_mixin.py:188} INFO - {'name': 'pantalon', 'price': 872, 'category': 'vetement printent', 'instock': 'false', 'tags': 'version2', 'Descriiption': 'good for summer time', 'Filename': 'product4.jpeg'}
[2024-06-18T15:11:25.175+0000] {logging_mixin.py:188} INFO - Message delivered to <built-in method topic of cimpl.Message object at 0x7fe0b464e940> [0]
[2024-06-18T15:11:27.177+0000] {logging_mixin.py:188} INFO - {'name': 'pantalon', 'price': 105, 'category': 'vetement automne', 'instock': 'true', 'tags': 'version1', 'Descriiption': 'confortable', 'Filename': 'product3.jpg'}
[2024-06-18T15:11:27.178+0000] {logging_mixin.py:188} INFO - Message delivered to <built-in method topic of cimpl.Message object at 0x7fe0b464e940> [0]
[2024-06-18T15:11:29.178+0000] {logging_mixin.py:188} INFO - {'name': 'chaussures', 'price': 416, 'category': 'vetement printent', 'instock': 'true', 'tags': 'version3', 'Descriiption': 'good for summer time', 'Filename': 'product1.png'}
[2024-06-18T15:11:29.179+0000] {logging_mixin.py:188} INFO - Message delivered to <built-in method topic of cimpl.Message object at 0x7fe0b464e940> [0]
[2024-06-18T15:11:31.181+0000] {logging_mixin.py:188} INFO - {'name': 'chemise', 'price': 823, 'category': 'vetement automne', 'instock': 'true', 'tags': 'version3', 'Descriiption': 'bon en hiverstylé', 'Filename': 'product4.jpeg'}
[2024-06-18T15:11:31.182+0000] {logging_mixin.py:188} INFO - Message delivered to <built-in method topic of cimpl.Message object at 0x7fe0b464e940> [0]
[2024-06-18T15:11:33.183+0000] {logging_mixin.py:188} INFO - {'name': 'short', 'price': 279, 'category': 'vetement hiver', 'instock': 'true', 'tags': 'version3', 'Descriiption': 'good for summer time', 'Filename': 'product5.gif'}
[2024-06-18T15:11:33.184+0000] {logging_mixin.py:188} INFO - Message delivered to <built-in method topic of cimpl.Message object at 0x7fe0b464e940> [0]
[2024-06-18T15:11:35.185+0000] {logging_mixin.py:188} INFO - {'name': 'chaussures', 'price': 660, 'category': 'vetement printent', 'instock': 'true', 'tags': 'version1', 'Descriiption': 'good for summer time', 'Filename': 'product4.jpeg'}
[2024-06-18T15:11:35.186+0000] {logging_mixin.py:188} INFO - Message delivered to <built-in method topic of cimpl.Message object at 0x7fe0b464e940> [0]
[2024-06-18T15:11:37.187+0000] {logging_mixin.py:188} INFO - {'name': 'chaussures', 'price': 929, 'category': 'vetement automne', 'instock': 'true', 'tags': 'version1', 'Descriiption': 'bon en hiverstylé', 'Filename': 'product4.jpeg'}
[2024-06-18T15:11:37.188+0000] {logging_mixin.py:188} INFO - Message delivered to <built-in method topic of cimpl.Message object at 0x7fe0b464e940> [0]
[2024-06-18T15:11:39.188+0000] {logging_mixin.py:188} INFO - {'name': 'jupe', 'price': 662, 'category': 'vetement hiver', 'instock': 'true', 'tags': 'version2', 'Descriiption': 'good for summer time', 'Filename': 'product1.png'}
[2024-06-18T15:11:39.189+0000] {logging_mixin.py:188} INFO - Message delivered to <built-in method topic of cimpl.Message object at 0x7fe0b464e940> [0]
[2024-06-18T15:11:41.212+0000] {logging_mixin.py:188} INFO - {'name': 'pantalon', 'price': 509, 'category': 'vetement été', 'instock': 'false', 'tags': 'version3', 'Descriiption': 'bon en hiverstylé', 'Filename': 'product5.gif'}
[2024-06-18T15:11:41.243+0000] {logging_mixin.py:188} INFO - Message delivered to <built-in method topic of cimpl.Message object at 0x7fe0b464e940> [0]
[2024-06-18T15:11:43.244+0000] {logging_mixin.py:188} INFO - {'name': 'jupe', 'price': 762, 'category': 'vetement printent', 'instock': 'true', 'tags': 'version1', 'Descriiption': 'good for summer time', 'Filename': 'product2.png'}
[2024-06-18T15:11:43.245+0000] {logging_mixin.py:188} INFO - Message delivered to <built-in method topic of cimpl.Message object at 0x7fe0b464e940> [0]
[2024-06-18T15:11:45.245+0000] {logging_mixin.py:188} INFO - {'name': 'short', 'price': 415, 'category': 'vetement automne', 'instock': 'false', 'tags': 'version1', 'Descriiption': 'confortable', 'Filename': 'product3.jpg'}
[2024-06-18T15:11:45.247+0000] {logging_mixin.py:188} INFO - Message delivered to <built-in method topic of cimpl.Message object at 0x7fe0b464e940> [0]
[2024-06-18T15:11:47.248+0000] {logging_mixin.py:188} INFO - {'name': 'short', 'price': 80, 'category': 'vetement hiver', 'instock': 'false', 'tags': 'version1', 'Descriiption': 'good for summer time', 'Filename': 'product1.png'}
[2024-06-18T15:11:47.249+0000] {logging_mixin.py:188} INFO - Message delivered to <built-in method topic of cimpl.Message object at 0x7fe0b464e940> [0]
[2024-06-18T15:11:49.249+0000] {logging_mixin.py:188} INFO - {'name': 'jupe', 'price': 443, 'category': 'vetement hiver', 'instock': 'false', 'tags': 'version2', 'Descriiption': 'confortable', 'Filename': 'product1.png'}
[2024-06-18T15:11:49.250+0000] {logging_mixin.py:188} INFO - Message delivered to <built-in method topic of cimpl.Message object at 0x7fe0b464e940> [0]
[2024-06-18T15:11:51.251+0000] {logging_mixin.py:188} INFO - {'name': 'short', 'price': 514, 'category': 'vetement hiver', 'instock': 'true', 'tags': 'version1', 'Descriiption': 'good for summer time', 'Filename': 'product4.jpeg'}
[2024-06-18T15:11:51.252+0000] {logging_mixin.py:188} INFO - Message delivered to <built-in method topic of cimpl.Message object at 0x7fe0b464e940> [0]
[2024-06-18T15:11:53.253+0000] {logging_mixin.py:188} INFO - {'name': 'short', 'price': 404, 'category': 'vetement automne', 'instock': 'true', 'tags': 'version2', 'Descriiption': 'bon en hiverstylé', 'Filename': 'product5.gif'}
[2024-06-18T15:11:53.254+0000] {logging_mixin.py:188} INFO - Message delivered to <built-in method topic of cimpl.Message object at 0x7fe0b464e940> [0]
[2024-06-18T15:11:55.254+0000] {logging_mixin.py:188} INFO - {'name': 'robe', 'price': 278, 'category': 'vetement hiver', 'instock': 'false', 'tags': 'version3', 'Descriiption': 'confortable', 'Filename': 'product1.png'}
[2024-06-18T15:11:55.256+0000] {logging_mixin.py:188} INFO - Message delivered to <built-in method topic of cimpl.Message object at 0x7fe0b464e940> [0]
[2024-06-18T15:11:57.258+0000] {logging_mixin.py:188} INFO - {'name': 'pantalon', 'price': 536, 'category': 'vetement automne', 'instock': 'false', 'tags': 'version2', 'Descriiption': 'bon en hiverstylé', 'Filename': 'product3.jpg'}
[2024-06-18T15:11:57.263+0000] {logging_mixin.py:188} INFO - Message delivered to <built-in method topic of cimpl.Message object at 0x7fe0b464e940> [0]
[2024-06-18T15:11:59.264+0000] {logging_mixin.py:188} INFO - {'name': 'pantalon', 'price': 221, 'category': 'vetement été', 'instock': 'true', 'tags': 'version3', 'Descriiption': 'confortable', 'Filename': 'product2.png'}
[2024-06-18T15:11:59.265+0000] {logging_mixin.py:188} INFO - Message delivered to <built-in method topic of cimpl.Message object at 0x7fe0b464e940> [0]
[2024-06-18T15:12:01.267+0000] {logging_mixin.py:188} INFO - {'name': 'robe', 'price': 514, 'category': 'vetement été', 'instock': 'false', 'tags': 'version3', 'Descriiption': 'bon en hiverstylé', 'Filename': 'product1.png'}
[2024-06-18T15:12:01.268+0000] {logging_mixin.py:188} INFO - Message delivered to <built-in method topic of cimpl.Message object at 0x7fe0b464e940> [0]
[2024-06-18T15:12:03.269+0000] {logging_mixin.py:188} INFO - {'name': 'chemise', 'price': 989, 'category': 'vetement hiver', 'instock': 'false', 'tags': 'version1', 'Descriiption': 'good for summer time', 'Filename': 'product4.jpeg'}
[2024-06-18T15:12:03.270+0000] {logging_mixin.py:188} INFO - Message delivered to <built-in method topic of cimpl.Message object at 0x7fe0b464e940> [0]
[2024-06-18T15:12:05.274+0000] {logging_mixin.py:188} INFO - {'name': 'pantalon', 'price': 575, 'category': 'vetement printent', 'instock': 'true', 'tags': 'version2', 'Descriiption': 'confortable', 'Filename': 'product2.png'}
[2024-06-18T15:12:05.275+0000] {logging_mixin.py:188} INFO - Message delivered to <built-in method topic of cimpl.Message object at 0x7fe0b464e940> [0]
[2024-06-18T15:12:07.275+0000] {logging_mixin.py:188} INFO - {'name': 'chemise', 'price': 481, 'category': 'vetement printent', 'instock': 'true', 'tags': 'version1', 'Descriiption': 'confortable', 'Filename': 'product3.jpg'}
[2024-06-18T15:12:07.276+0000] {logging_mixin.py:188} INFO - Message delivered to <built-in method topic of cimpl.Message object at 0x7fe0b464e940> [0]
[2024-06-18T15:12:09.277+0000] {logging_mixin.py:188} INFO - {'name': 'jupe', 'price': 858, 'category': 'vetement automne', 'instock': 'true', 'tags': 'version2', 'Descriiption': 'good for summer time', 'Filename': 'product3.jpg'}
[2024-06-18T15:12:09.278+0000] {logging_mixin.py:188} INFO - Message delivered to <built-in method topic of cimpl.Message object at 0x7fe0b464e940> [0]
[2024-06-18T15:12:11.279+0000] {logging_mixin.py:188} INFO - {'name': 'chemise', 'price': 792, 'category': 'vetement hiver', 'instock': 'false', 'tags': 'version2', 'Descriiption': 'good for summer time', 'Filename': 'product3.jpg'}
[2024-06-18T15:12:11.280+0000] {logging_mixin.py:188} INFO - Message delivered to <built-in method topic of cimpl.Message object at 0x7fe0b464e940> [0]
[2024-06-18T15:12:13.281+0000] {logging_mixin.py:188} INFO - {'name': 'chaussures', 'price': 71, 'category': 'vetement hiver', 'instock': 'true', 'tags': 'version1', 'Descriiption': 'confortable', 'Filename': 'product4.jpeg'}
[2024-06-18T15:12:13.281+0000] {logging_mixin.py:188} INFO - Message delivered to <built-in method topic of cimpl.Message object at 0x7fe0b464e940> [0]
[2024-06-18T15:12:15.282+0000] {logging_mixin.py:188} INFO - {'name': 'chemise', 'price': 952, 'category': 'vetement été', 'instock': 'true', 'tags': 'version2', 'Descriiption': 'bon en hiverstylé', 'Filename': 'product4.jpeg'}
[2024-06-18T15:12:15.283+0000] {logging_mixin.py:188} INFO - Message delivered to <built-in method topic of cimpl.Message object at 0x7fe0b464e940> [0]
[2024-06-18T15:12:17.284+0000] {logging_mixin.py:188} INFO - {'name': 'short', 'price': 969, 'category': 'vetement hiver', 'instock': 'false', 'tags': 'version3', 'Descriiption': 'bon en hiverstylé', 'Filename': 'product3.jpg'}
[2024-06-18T15:12:17.284+0000] {logging_mixin.py:188} INFO - Message delivered to <built-in method topic of cimpl.Message object at 0x7fe0b464e940> [0]
[2024-06-18T15:12:19.285+0000] {logging_mixin.py:188} INFO - {'name': 'chemise', 'price': 521, 'category': 'vetement hiver', 'instock': 'false', 'tags': 'version3', 'Descriiption': 'bon en hiverstylé', 'Filename': 'product3.jpg'}
[2024-06-18T15:12:19.286+0000] {logging_mixin.py:188} INFO - Message delivered to <built-in method topic of cimpl.Message object at 0x7fe0b464e940> [0]
[2024-06-18T15:12:21.286+0000] {logging_mixin.py:188} INFO - {'name': 'jupe', 'price': 182, 'category': 'vetement hiver', 'instock': 'true', 'tags': 'version2', 'Descriiption': 'bon en hiverstylé', 'Filename': 'product2.png'}
[2024-06-18T15:12:21.287+0000] {logging_mixin.py:188} INFO - Message delivered to <built-in method topic of cimpl.Message object at 0x7fe0b464e940> [0]
[2024-06-18T15:12:23.288+0000] {logging_mixin.py:188} INFO - {'name': 'robe', 'price': 414, 'category': 'vetement printent', 'instock': 'true', 'tags': 'version3', 'Descriiption': 'good for summer time', 'Filename': 'product3.jpg'}
[2024-06-18T15:12:23.289+0000] {logging_mixin.py:188} INFO - Message delivered to <built-in method topic of cimpl.Message object at 0x7fe0b464e940> [0]
[2024-06-18T15:12:25.290+0000] {logging_mixin.py:188} INFO - {'name': 'jupe', 'price': 934, 'category': 'vetement automne', 'instock': 'false', 'tags': 'version1', 'Descriiption': 'good for summer time', 'Filename': 'product2.png'}
[2024-06-18T15:12:25.291+0000] {logging_mixin.py:188} INFO - Message delivered to <built-in method topic of cimpl.Message object at 0x7fe0b464e940> [0]
[2024-06-18T15:12:27.293+0000] {logging_mixin.py:188} INFO - {'name': 'jupe', 'price': 413, 'category': 'vetement printent', 'instock': 'false', 'tags': 'version2', 'Descriiption': 'confortable', 'Filename': 'product5.gif'}
[2024-06-18T15:12:27.295+0000] {logging_mixin.py:188} INFO - Message delivered to <built-in method topic of cimpl.Message object at 0x7fe0b464e940> [0]
[2024-06-18T15:12:29.296+0000] {logging_mixin.py:188} INFO - {'name': 'chaussures', 'price': 726, 'category': 'vetement automne', 'instock': 'false', 'tags': 'version1', 'Descriiption': 'bon en hiverstylé', 'Filename': 'product1.png'}
[2024-06-18T15:12:29.297+0000] {logging_mixin.py:188} INFO - Message delivered to <built-in method topic of cimpl.Message object at 0x7fe0b464e940> [0]
[2024-06-18T15:12:31.298+0000] {logging_mixin.py:188} INFO - {'name': 'pantalon', 'price': 105, 'category': 'vetement printent', 'instock': 'true', 'tags': 'version1', 'Descriiption': 'bon en hiverstylé', 'Filename': 'product4.jpeg'}
[2024-06-18T15:12:31.300+0000] {logging_mixin.py:188} INFO - Message delivered to <built-in method topic of cimpl.Message object at 0x7fe0b464e940> [0]
[2024-06-18T15:12:33.301+0000] {logging_mixin.py:188} INFO - {'name': 'short', 'price': 733, 'category': 'vetement automne', 'instock': 'true', 'tags': 'version2', 'Descriiption': 'bon en hiverstylé', 'Filename': 'product5.gif'}
[2024-06-18T15:12:33.302+0000] {logging_mixin.py:188} INFO - Message delivered to <built-in method topic of cimpl.Message object at 0x7fe0b464e940> [0]
[2024-06-18T15:12:35.303+0000] {logging_mixin.py:188} INFO - {'name': 'robe', 'price': 737, 'category': 'vetement été', 'instock': 'false', 'tags': 'version3', 'Descriiption': 'good for summer time', 'Filename': 'product5.gif'}
[2024-06-18T15:12:35.304+0000] {logging_mixin.py:188} INFO - Message delivered to <built-in method topic of cimpl.Message object at 0x7fe0b464e940> [0]
[2024-06-18T15:12:37.305+0000] {logging_mixin.py:188} INFO - {'name': 'chaussures', 'price': 448, 'category': 'vetement été', 'instock': 'true', 'tags': 'version2', 'Descriiption': 'confortable', 'Filename': 'product4.jpeg'}
[2024-06-18T15:12:37.307+0000] {logging_mixin.py:188} INFO - Message delivered to <built-in method topic of cimpl.Message object at 0x7fe0b464e940> [0]
[2024-06-18T15:12:39.308+0000] {logging_mixin.py:188} INFO - {'name': 'robe', 'price': 224, 'category': 'vetement été', 'instock': 'false', 'tags': 'version3', 'Descriiption': 'good for summer time', 'Filename': 'product4.jpeg'}
[2024-06-18T15:12:39.309+0000] {logging_mixin.py:188} INFO - Message delivered to <built-in method topic of cimpl.Message object at 0x7fe0b464e940> [0]
[2024-06-18T15:12:41.310+0000] {logging_mixin.py:188} INFO - {'name': 'chaussures', 'price': 228, 'category': 'vetement été', 'instock': 'true', 'tags': 'version2', 'Descriiption': 'good for summer time', 'Filename': 'product1.png'}
[2024-06-18T15:12:41.313+0000] {logging_mixin.py:188} INFO - Message delivered to <built-in method topic of cimpl.Message object at 0x7fe0b464e940> [0]
[2024-06-18T15:12:43.314+0000] {logging_mixin.py:188} INFO - {'name': 'chemise', 'price': 709, 'category': 'vetement automne', 'instock': 'false', 'tags': 'version2', 'Descriiption': 'good for summer time', 'Filename': 'product4.jpeg'}
[2024-06-18T15:12:43.314+0000] {logging_mixin.py:188} INFO - Message delivered to <built-in method topic of cimpl.Message object at 0x7fe0b464e940> [0]
[2024-06-18T15:12:45.315+0000] {logging_mixin.py:188} INFO - {'name': 'pantalon', 'price': 118, 'category': 'vetement hiver', 'instock': 'false', 'tags': 'version3', 'Descriiption': 'confortable', 'Filename': 'product3.jpg'}
[2024-06-18T15:12:45.318+0000] {logging_mixin.py:188} INFO - Message delivered to <built-in method topic of cimpl.Message object at 0x7fe0b464e940> [0]
[2024-06-18T15:12:47.319+0000] {logging_mixin.py:188} INFO - {'name': 'jupe', 'price': 739, 'category': 'vetement hiver', 'instock': 'false', 'tags': 'version2', 'Descriiption': 'bon en hiverstylé', 'Filename': 'product1.png'}
[2024-06-18T15:12:47.320+0000] {logging_mixin.py:188} INFO - Message delivered to <built-in method topic of cimpl.Message object at 0x7fe0b464e940> [0]
[2024-06-18T15:12:49.320+0000] {logging_mixin.py:188} INFO - {'name': 'jupe', 'price': 608, 'category': 'vetement hiver', 'instock': 'false', 'tags': 'version1', 'Descriiption': 'good for summer time', 'Filename': 'product1.png'}
[2024-06-18T15:12:49.323+0000] {logging_mixin.py:188} INFO - Message delivered to <built-in method topic of cimpl.Message object at 0x7fe0b464e940> [0]
[2024-06-18T15:12:51.325+0000] {logging_mixin.py:188} INFO - {'name': 't-shirt', 'price': 963, 'category': 'vetement hiver', 'instock': 'false', 'tags': 'version2', 'Descriiption': 'confortable', 'Filename': 'product1.png'}
[2024-06-18T15:12:51.325+0000] {logging_mixin.py:188} INFO - Message delivered to <built-in method topic of cimpl.Message object at 0x7fe0b464e940> [0]
[2024-06-18T15:12:53.326+0000] {logging_mixin.py:188} INFO - {'name': 'robe', 'price': 233, 'category': 'vetement hiver', 'instock': 'false', 'tags': 'version3', 'Descriiption': 'bon en hiverstylé', 'Filename': 'product2.png'}
[2024-06-18T15:12:53.327+0000] {logging_mixin.py:188} INFO - Message delivered to <built-in method topic of cimpl.Message object at 0x7fe0b464e940> [0]
[2024-06-18T15:12:55.328+0000] {logging_mixin.py:188} INFO - {'name': 'robe', 'price': 69, 'category': 'vetement été', 'instock': 'true', 'tags': 'version1', 'Descriiption': 'bon en hiverstylé', 'Filename': 'product1.png'}
[2024-06-18T15:12:55.329+0000] {logging_mixin.py:188} INFO - Message delivered to <built-in method topic of cimpl.Message object at 0x7fe0b464e940> [0]
[2024-06-18T15:12:57.331+0000] {logging_mixin.py:188} INFO - {'name': 't-shirt', 'price': 47, 'category': 'vetement automne', 'instock': 'true', 'tags': 'version1', 'Descriiption': 'good for summer time', 'Filename': 'product5.gif'}
[2024-06-18T15:12:57.332+0000] {logging_mixin.py:188} INFO - Message delivered to <built-in method topic of cimpl.Message object at 0x7fe0b464e940> [0]
[2024-06-18T15:12:59.333+0000] {logging_mixin.py:188} INFO - {'name': 'jupe', 'price': 432, 'category': 'vetement printent', 'instock': 'true', 'tags': 'version2', 'Descriiption': 'good for summer time', 'Filename': 'product4.jpeg'}
[2024-06-18T15:12:59.334+0000] {logging_mixin.py:188} INFO - Message delivered to <built-in method topic of cimpl.Message object at 0x7fe0b464e940> [0]
[2024-06-18T15:13:01.334+0000] {logging_mixin.py:188} INFO - {'name': 'chaussures', 'price': 702, 'category': 'vetement printent', 'instock': 'true', 'tags': 'version3', 'Descriiption': 'good for summer time', 'Filename': 'product2.png'}
[2024-06-18T15:13:01.347+0000] {logging_mixin.py:188} INFO - Message delivered to <built-in method topic of cimpl.Message object at 0x7fe0b464e940> [0]
[2024-06-18T15:13:03.349+0000] {logging_mixin.py:188} INFO - {'name': 't-shirt', 'price': 536, 'category': 'vetement automne', 'instock': 'true', 'tags': 'version3', 'Descriiption': 'confortable', 'Filename': 'product5.gif'}
[2024-06-18T15:13:03.350+0000] {logging_mixin.py:188} INFO - Message delivered to <built-in method topic of cimpl.Message object at 0x7fe0b464e940> [0]
[2024-06-18T15:13:05.351+0000] {logging_mixin.py:188} INFO - {'name': 't-shirt', 'price': 334, 'category': 'vetement été', 'instock': 'false', 'tags': 'version3', 'Descriiption': 'confortable', 'Filename': 'product5.gif'}
[2024-06-18T15:13:05.352+0000] {logging_mixin.py:188} INFO - Message delivered to <built-in method topic of cimpl.Message object at 0x7fe0b464e940> [0]
[2024-06-18T15:13:07.353+0000] {logging_mixin.py:188} INFO - {'name': 'short', 'price': 430, 'category': 'vetement printent', 'instock': 'false', 'tags': 'version1', 'Descriiption': 'confortable', 'Filename': 'product2.png'}
[2024-06-18T15:13:07.355+0000] {logging_mixin.py:188} INFO - Message delivered to <built-in method topic of cimpl.Message object at 0x7fe0b464e940> [0]
[2024-06-18T15:13:09.356+0000] {logging_mixin.py:188} INFO - {'name': 'chaussures', 'price': 816, 'category': 'vetement automne', 'instock': 'true', 'tags': 'version2', 'Descriiption': 'bon en hiverstylé', 'Filename': 'product4.jpeg'}
[2024-06-18T15:13:09.357+0000] {logging_mixin.py:188} INFO - Message delivered to <built-in method topic of cimpl.Message object at 0x7fe0b464e940> [0]
[2024-06-18T15:13:11.358+0000] {logging_mixin.py:188} INFO - {'name': 'robe', 'price': 157, 'category': 'vetement automne', 'instock': 'true', 'tags': 'version3', 'Descriiption': 'good for summer time', 'Filename': 'product5.gif'}
[2024-06-18T15:13:11.361+0000] {logging_mixin.py:188} INFO - Message delivered to <built-in method topic of cimpl.Message object at 0x7fe0b464e940> [0]
[2024-06-18T15:13:13.362+0000] {logging_mixin.py:188} INFO - {'name': 't-shirt', 'price': 961, 'category': 'vetement hiver', 'instock': 'true', 'tags': 'version3', 'Descriiption': 'bon en hiverstylé', 'Filename': 'product4.jpeg'}
[2024-06-18T15:13:13.363+0000] {logging_mixin.py:188} INFO - Message delivered to <built-in method topic of cimpl.Message object at 0x7fe0b464e940> [0]
[2024-06-18T15:13:15.364+0000] {logging_mixin.py:188} INFO - {'name': 't-shirt', 'price': 686, 'category': 'vetement printent', 'instock': 'true', 'tags': 'version3', 'Descriiption': 'good for summer time', 'Filename': 'product4.jpeg'}
[2024-06-18T15:13:15.365+0000] {logging_mixin.py:188} INFO - Message delivered to <built-in method topic of cimpl.Message object at 0x7fe0b464e940> [0]
[2024-06-18T15:13:17.366+0000] {logging_mixin.py:188} INFO - {'name': 'chaussures', 'price': 702, 'category': 'vetement printent', 'instock': 'false', 'tags': 'version3', 'Descriiption': 'good for summer time', 'Filename': 'product2.png'}
[2024-06-18T15:13:17.367+0000] {logging_mixin.py:188} INFO - Message delivered to <built-in method topic of cimpl.Message object at 0x7fe0b464e940> [0]
[2024-06-18T15:13:19.367+0000] {logging_mixin.py:188} INFO - {'name': 'jupe', 'price': 133, 'category': 'vetement hiver', 'instock': 'true', 'tags': 'version1', 'Descriiption': 'confortable', 'Filename': 'product5.gif'}
[2024-06-18T15:13:19.369+0000] {logging_mixin.py:188} INFO - Message delivered to <built-in method topic of cimpl.Message object at 0x7fe0b464e940> [0]
[2024-06-18T15:13:21.369+0000] {logging_mixin.py:188} INFO - {'name': 'chaussures', 'price': 536, 'category': 'vetement printent', 'instock': 'true', 'tags': 'version2', 'Descriiption': 'bon en hiverstylé', 'Filename': 'product1.png'}
[2024-06-18T15:13:21.370+0000] {logging_mixin.py:188} INFO - Message delivered to <built-in method topic of cimpl.Message object at 0x7fe0b464e940> [0]
[2024-06-18T15:13:23.371+0000] {logging_mixin.py:188} INFO - {'name': 't-shirt', 'price': 929, 'category': 'vetement printent', 'instock': 'false', 'tags': 'version2', 'Descriiption': 'confortable', 'Filename': 'product5.gif'}
[2024-06-18T15:13:23.372+0000] {logging_mixin.py:188} INFO - Message delivered to <built-in method topic of cimpl.Message object at 0x7fe0b464e940> [0]
[2024-06-18T15:13:25.373+0000] {logging_mixin.py:188} INFO - {'name': 'chemise', 'price': 870, 'category': 'vetement automne', 'instock': 'true', 'tags': 'version3', 'Descriiption': 'bon en hiverstylé', 'Filename': 'product1.png'}
[2024-06-18T15:13:25.377+0000] {logging_mixin.py:188} INFO - Message delivered to <built-in method topic of cimpl.Message object at 0x7fe0b464e940> [0]
[2024-06-18T15:13:27.380+0000] {logging_mixin.py:188} INFO - {'name': 'robe', 'price': 839, 'category': 'vetement printent', 'instock': 'false', 'tags': 'version1', 'Descriiption': 'bon en hiverstylé', 'Filename': 'product3.jpg'}
[2024-06-18T15:13:27.381+0000] {logging_mixin.py:188} INFO - Message delivered to <built-in method topic of cimpl.Message object at 0x7fe0b464e940> [0]
[2024-06-18T15:13:29.382+0000] {logging_mixin.py:188} INFO - {'name': 't-shirt', 'price': 988, 'category': 'vetement été', 'instock': 'false', 'tags': 'version2', 'Descriiption': 'good for summer time', 'Filename': 'product5.gif'}
[2024-06-18T15:13:29.383+0000] {logging_mixin.py:188} INFO - Message delivered to <built-in method topic of cimpl.Message object at 0x7fe0b464e940> [0]
[2024-06-18T15:13:31.384+0000] {logging_mixin.py:188} INFO - {'name': 'robe', 'price': 357, 'category': 'vetement été', 'instock': 'true', 'tags': 'version1', 'Descriiption': 'good for summer time', 'Filename': 'product4.jpeg'}
[2024-06-18T15:13:31.385+0000] {logging_mixin.py:188} INFO - Message delivered to <built-in method topic of cimpl.Message object at 0x7fe0b464e940> [0]
[2024-06-18T15:13:33.386+0000] {logging_mixin.py:188} INFO - {'name': 'short', 'price': 72, 'category': 'vetement printent', 'instock': 'true', 'tags': 'version3', 'Descriiption': 'bon en hiverstylé', 'Filename': 'product3.jpg'}
[2024-06-18T15:13:33.387+0000] {logging_mixin.py:188} INFO - Message delivered to <built-in method topic of cimpl.Message object at 0x7fe0b464e940> [0]
[2024-06-18T15:13:35.388+0000] {logging_mixin.py:188} INFO - {'name': 'chaussures', 'price': 779, 'category': 'vetement automne', 'instock': 'true', 'tags': 'version2', 'Descriiption': 'good for summer time', 'Filename': 'product5.gif'}
[2024-06-18T15:13:35.389+0000] {logging_mixin.py:188} INFO - Message delivered to <built-in method topic of cimpl.Message object at 0x7fe0b464e940> [0]
[2024-06-18T15:13:37.389+0000] {logging_mixin.py:188} INFO - {'name': 'robe', 'price': 203, 'category': 'vetement été', 'instock': 'false', 'tags': 'version2', 'Descriiption': 'confortable', 'Filename': 'product3.jpg'}
[2024-06-18T15:13:37.402+0000] {logging_mixin.py:188} INFO - Message delivered to <built-in method topic of cimpl.Message object at 0x7fe0b464e940> [0]
[2024-06-18T15:13:39.403+0000] {logging_mixin.py:188} INFO - {'name': 'short', 'price': 259, 'category': 'vetement hiver', 'instock': 'true', 'tags': 'version2', 'Descriiption': 'good for summer time', 'Filename': 'product5.gif'}
[2024-06-18T15:13:39.404+0000] {logging_mixin.py:188} INFO - Message delivered to <built-in method topic of cimpl.Message object at 0x7fe0b464e940> [0]
[2024-06-18T15:13:41.405+0000] {logging_mixin.py:188} INFO - {'name': 't-shirt', 'price': 374, 'category': 'vetement hiver', 'instock': 'false', 'tags': 'version1', 'Descriiption': 'confortable', 'Filename': 'product3.jpg'}
[2024-06-18T15:13:41.406+0000] {logging_mixin.py:188} INFO - Message delivered to <built-in method topic of cimpl.Message object at 0x7fe0b464e940> [0]
[2024-06-18T15:13:43.407+0000] {logging_mixin.py:188} INFO - {'name': 'short', 'price': 904, 'category': 'vetement hiver', 'instock': 'false', 'tags': 'version3', 'Descriiption': 'good for summer time', 'Filename': 'product1.png'}
[2024-06-18T15:13:43.408+0000] {logging_mixin.py:188} INFO - Message delivered to <built-in method topic of cimpl.Message object at 0x7fe0b464e940> [0]
[2024-06-18T15:13:45.409+0000] {logging_mixin.py:188} INFO - {'name': 'chemise', 'price': 472, 'category': 'vetement été', 'instock': 'false', 'tags': 'version3', 'Descriiption': 'good for summer time', 'Filename': 'product5.gif'}
[2024-06-18T15:13:45.410+0000] {logging_mixin.py:188} INFO - Message delivered to <built-in method topic of cimpl.Message object at 0x7fe0b464e940> [0]
[2024-06-18T15:13:47.411+0000] {logging_mixin.py:188} INFO - {'name': 'chaussures', 'price': 682, 'category': 'vetement été', 'instock': 'false', 'tags': 'version3', 'Descriiption': 'confortable', 'Filename': 'product5.gif'}
[2024-06-18T15:13:47.417+0000] {logging_mixin.py:188} INFO - Message delivered to <built-in method topic of cimpl.Message object at 0x7fe0b464e940> [0]
[2024-06-18T15:13:49.431+0000] {python.py:237} INFO - Done. Returned value was: None
[2024-06-18T15:13:49.434+0000] {taskinstance.py:441} INFO - ::group::Post task execution logs
[2024-06-18T15:13:49.449+0000] {taskinstance.py:1206} INFO - Marking task as SUCCESS. dag_id=shopify_user, task_id=streaming_task, run_id=manual__2024-06-18T15:10:47.027426+00:00, execution_date=20240618T151047, start_date=20240618T151048, end_date=20240618T151349
[2024-06-18T15:13:49.496+0000] {local_task_job_runner.py:240} INFO - Task exited with return code 0
[2024-06-18T15:13:49.515+0000] {taskinstance.py:3498} INFO - 0 downstream tasks scheduled from follow-on schedule check
[2024-06-18T15:13:49.520+0000] {local_task_job_runner.py:222} INFO - ::endgroup::
