[2024-06-18T12:59:15.365+0000] {local_task_job_runner.py:120} INFO - ::group::Pre task execution logs
[2024-06-18T12:59:15.427+0000] {taskinstance.py:2076} INFO - Dependencies all met for dep_context=non-requeueable deps ti=<TaskInstance: user_automation.stream_data_from_api scheduled__2024-06-14T00:00:00+00:00 [queued]>
[2024-06-18T12:59:15.488+0000] {taskinstance.py:2076} INFO - Dependencies all met for dep_context=requeueable deps ti=<TaskInstance: user_automation.stream_data_from_api scheduled__2024-06-14T00:00:00+00:00 [queued]>
[2024-06-18T12:59:15.512+0000] {taskinstance.py:2306} INFO - Starting attempt 1 of 6
[2024-06-18T12:59:15.598+0000] {taskinstance.py:2330} INFO - Executing <Task(PythonOperator): stream_data_from_api> on 2024-06-14 00:00:00+00:00
[2024-06-18T12:59:15.649+0000] {standard_task_runner.py:63} INFO - Started process 13956 to run task
[2024-06-18T12:59:15.678+0000] {standard_task_runner.py:90} INFO - Running: ['***', 'tasks', 'run', 'user_automation', 'stream_data_from_api', 'scheduled__2024-06-14T00:00:00+00:00', '--job-id', '10', '--raw', '--subdir', 'DAGS_FOLDER/kafka_stream.py', '--cfg-path', '/tmp/tmpczi72z2r']
[2024-06-18T12:59:15.701+0000] {standard_task_runner.py:91} INFO - Job 10: Subtask stream_data_from_api
[2024-06-18T12:59:15.917+0000] {logging_mixin.py:188} WARNING - /home/***/.local/lib/python3.11/site-packages/***/settings.py:195 DeprecationWarning: The sql_alchemy_conn option in [core] has been moved to the sql_alchemy_conn option in [database] - the old setting has been used, but please update your config.
[2024-06-18T12:59:16.796+0000] {task_command.py:426} INFO - Running <TaskInstance: user_automation.stream_data_from_api scheduled__2024-06-14T00:00:00+00:00 [running]> on host 75e5c4deb481
[2024-06-18T12:59:18.695+0000] {taskinstance.py:2648} INFO - Exporting env vars: AIRFLOW_CTX_DAG_OWNER='gauss' AIRFLOW_CTX_DAG_ID='user_automation' AIRFLOW_CTX_TASK_ID='stream_data_from_api' AIRFLOW_CTX_EXECUTION_DATE='2024-06-14T00:00:00+00:00' AIRFLOW_CTX_TRY_NUMBER='1' AIRFLOW_CTX_DAG_RUN_ID='scheduled__2024-06-14T00:00:00+00:00'
[2024-06-18T12:59:18.711+0000] {taskinstance.py:430} INFO - ::endgroup::
[2024-06-18T12:59:18.935+0000] {conn.py:380} INFO - <BrokerConnection node_id=bootstrap-0 host=kafka1:29092 <connecting> [IPv4 ('172.18.0.8', 29092)]>: connecting to kafka1:29092 [('172.18.0.8', 29092) IPv4]
[2024-06-18T12:59:18.951+0000] {conn.py:1205} INFO - Probing node bootstrap-0 broker version
[2024-06-18T12:59:18.973+0000] {conn.py:410} INFO - <BrokerConnection node_id=bootstrap-0 host=kafka1:29092 <connecting> [IPv4 ('172.18.0.8', 29092)]>: Connection complete.
[2024-06-18T12:59:19.288+0000] {conn.py:1267} INFO - Broker version identified as 2.5.0
[2024-06-18T12:59:19.298+0000] {conn.py:1268} INFO - Set configuration api_version=(2, 5, 0) to skip auto check_version requests on startup
[2024-06-18T12:59:20.291+0000] {kafka_stream.py:59} ERROR - An error occured: Expecting value: line 1 column 1 (char 0)
[2024-06-18T12:59:20.763+0000] {kafka_stream.py:59} ERROR - An error occured: Expecting value: line 1 column 1 (char 0)
[2024-06-18T12:59:21.551+0000] {conn.py:380} INFO - <BrokerConnection node_id=1 host=kafka1:29092 <connecting> [IPv4 ('172.18.0.8', 29092)]>: connecting to kafka1:29092 [('172.18.0.8', 29092) IPv4]
[2024-06-18T12:59:21.560+0000] {conn.py:410} INFO - <BrokerConnection node_id=1 host=kafka1:29092 <connecting> [IPv4 ('172.18.0.8', 29092)]>: Connection complete.
[2024-06-18T12:59:21.564+0000] {conn.py:919} INFO - <BrokerConnection node_id=bootstrap-0 host=kafka1:29092 <connected> [IPv4 ('172.18.0.8', 29092)]>: Closing connection. 
[2024-06-18T12:59:22.298+0000] {kafka_stream.py:59} ERROR - An error occured: Expecting value: line 1 column 1 (char 0)
[2024-06-18T12:59:22.591+0000] {kafka_stream.py:59} ERROR - An error occured: Expecting value: line 1 column 1 (char 0)
[2024-06-18T12:59:22.854+0000] {kafka_stream.py:59} ERROR - An error occured: Expecting value: line 1 column 1 (char 0)
[2024-06-18T12:59:23.341+0000] {kafka_stream.py:59} ERROR - An error occured: Expecting value: line 1 column 1 (char 0)
[2024-06-18T12:59:24.147+0000] {kafka_stream.py:59} ERROR - An error occured: Expecting value: line 1 column 1 (char 0)
[2024-06-18T12:59:24.412+0000] {kafka_stream.py:59} ERROR - An error occured: Expecting value: line 1 column 1 (char 0)
[2024-06-18T12:59:24.609+0000] {kafka_stream.py:59} ERROR - An error occured: Expecting value: line 1 column 1 (char 0)
[2024-06-18T12:59:24.839+0000] {kafka_stream.py:59} ERROR - An error occured: Expecting value: line 1 column 1 (char 0)
[2024-06-18T12:59:25.104+0000] {kafka_stream.py:59} ERROR - An error occured: Expecting value: line 1 column 1 (char 0)
[2024-06-18T12:59:25.413+0000] {kafka_stream.py:59} ERROR - An error occured: Expecting value: line 1 column 1 (char 0)
[2024-06-18T12:59:25.675+0000] {kafka_stream.py:59} ERROR - An error occured: Expecting value: line 1 column 1 (char 0)
[2024-06-18T12:59:25.959+0000] {kafka_stream.py:59} ERROR - An error occured: Expecting value: line 1 column 1 (char 0)
[2024-06-18T12:59:27.774+0000] {kafka_stream.py:59} ERROR - An error occured: Expecting value: line 1 column 1 (char 0)
[2024-06-18T12:59:28.854+0000] {kafka_stream.py:59} ERROR - An error occured: Expecting value: line 1 column 1 (char 0)
[2024-06-18T12:59:31.172+0000] {kafka_stream.py:59} ERROR - An error occured: Expecting value: line 1 column 1 (char 0)
[2024-06-18T12:59:31.360+0000] {kafka_stream.py:59} ERROR - An error occured: Expecting value: line 1 column 1 (char 0)
[2024-06-18T12:59:31.581+0000] {kafka_stream.py:59} ERROR - An error occured: Expecting value: line 1 column 1 (char 0)
[2024-06-18T12:59:31.833+0000] {kafka_stream.py:59} ERROR - An error occured: Expecting value: line 1 column 1 (char 0)
[2024-06-18T12:59:32.036+0000] {kafka_stream.py:59} ERROR - An error occured: Expecting value: line 1 column 1 (char 0)
[2024-06-18T12:59:32.233+0000] {kafka_stream.py:59} ERROR - An error occured: Expecting value: line 1 column 1 (char 0)
[2024-06-18T12:59:32.499+0000] {kafka_stream.py:59} ERROR - An error occured: Expecting value: line 1 column 1 (char 0)
[2024-06-18T12:59:32.777+0000] {kafka_stream.py:59} ERROR - An error occured: Expecting value: line 1 column 1 (char 0)
[2024-06-18T12:59:35.133+0000] {kafka_stream.py:59} ERROR - An error occured: Expecting value: line 1 column 1 (char 0)
[2024-06-18T12:59:35.352+0000] {kafka_stream.py:59} ERROR - An error occured: Expecting value: line 1 column 1 (char 0)
[2024-06-18T12:59:36.166+0000] {kafka_stream.py:59} ERROR - An error occured: Expecting value: line 1 column 1 (char 0)
[2024-06-18T12:59:36.453+0000] {kafka_stream.py:59} ERROR - An error occured: Expecting value: line 1 column 1 (char 0)
[2024-06-18T12:59:36.663+0000] {kafka_stream.py:59} ERROR - An error occured: Expecting value: line 1 column 1 (char 0)
[2024-06-18T12:59:36.869+0000] {kafka_stream.py:59} ERROR - An error occured: Expecting value: line 1 column 1 (char 0)
[2024-06-18T12:59:37.060+0000] {kafka_stream.py:59} ERROR - An error occured: Expecting value: line 1 column 1 (char 0)
[2024-06-18T12:59:37.861+0000] {kafka_stream.py:59} ERROR - An error occured: Expecting value: line 1 column 1 (char 0)
[2024-06-18T12:59:38.070+0000] {kafka_stream.py:59} ERROR - An error occured: Expecting value: line 1 column 1 (char 0)
[2024-06-18T12:59:38.267+0000] {kafka_stream.py:59} ERROR - An error occured: Expecting value: line 1 column 1 (char 0)
[2024-06-18T12:59:38.470+0000] {kafka_stream.py:59} ERROR - An error occured: Expecting value: line 1 column 1 (char 0)
[2024-06-18T12:59:38.695+0000] {kafka_stream.py:59} ERROR - An error occured: Expecting value: line 1 column 1 (char 0)
[2024-06-18T12:59:38.946+0000] {kafka_stream.py:59} ERROR - An error occured: Expecting value: line 1 column 1 (char 0)
[2024-06-18T12:59:39.139+0000] {kafka_stream.py:59} ERROR - An error occured: Expecting value: line 1 column 1 (char 0)
[2024-06-18T12:59:39.370+0000] {kafka_stream.py:59} ERROR - An error occured: Expecting value: line 1 column 1 (char 0)
[2024-06-18T12:59:39.643+0000] {kafka_stream.py:59} ERROR - An error occured: Expecting value: line 1 column 1 (char 0)
[2024-06-18T12:59:40.375+0000] {kafka_stream.py:59} ERROR - An error occured: Expecting value: line 1 column 1 (char 0)
[2024-06-18T12:59:40.609+0000] {kafka_stream.py:59} ERROR - An error occured: Expecting value: line 1 column 1 (char 0)
[2024-06-18T12:59:40.904+0000] {kafka_stream.py:59} ERROR - An error occured: Expecting value: line 1 column 1 (char 0)
[2024-06-18T12:59:42.891+0000] {kafka_stream.py:59} ERROR - An error occured: Expecting value: line 1 column 1 (char 0)
[2024-06-18T12:59:43.096+0000] {kafka_stream.py:59} ERROR - An error occured: Expecting value: line 1 column 1 (char 0)
[2024-06-18T12:59:43.316+0000] {kafka_stream.py:59} ERROR - An error occured: Expecting value: line 1 column 1 (char 0)
[2024-06-18T12:59:43.562+0000] {kafka_stream.py:59} ERROR - An error occured: Expecting value: line 1 column 1 (char 0)
[2024-06-18T12:59:43.766+0000] {kafka_stream.py:59} ERROR - An error occured: Expecting value: line 1 column 1 (char 0)
[2024-06-18T12:59:43.958+0000] {kafka_stream.py:59} ERROR - An error occured: Expecting value: line 1 column 1 (char 0)
[2024-06-18T12:59:44.683+0000] {kafka_stream.py:59} ERROR - An error occured: Expecting value: line 1 column 1 (char 0)
[2024-06-18T12:59:44.891+0000] {kafka_stream.py:59} ERROR - An error occured: Expecting value: line 1 column 1 (char 0)
[2024-06-18T12:59:45.360+0000] {kafka_stream.py:59} ERROR - An error occured: Expecting value: line 1 column 1 (char 0)
[2024-06-18T12:59:45.627+0000] {kafka_stream.py:59} ERROR - An error occured: Expecting value: line 1 column 1 (char 0)
[2024-06-18T12:59:46.666+0000] {kafka_stream.py:59} ERROR - An error occured: Expecting value: line 1 column 1 (char 0)
[2024-06-18T12:59:46.875+0000] {kafka_stream.py:59} ERROR - An error occured: Expecting value: line 1 column 1 (char 0)
[2024-06-18T12:59:48.905+0000] {kafka_stream.py:59} ERROR - An error occured: Expecting value: line 1 column 1 (char 0)
[2024-06-18T12:59:49.180+0000] {kafka_stream.py:59} ERROR - An error occured: Expecting value: line 1 column 1 (char 0)
[2024-06-18T12:59:49.399+0000] {kafka_stream.py:59} ERROR - An error occured: Expecting value: line 1 column 1 (char 0)
[2024-06-18T12:59:49.645+0000] {kafka_stream.py:59} ERROR - An error occured: Expecting value: line 1 column 1 (char 0)
[2024-06-18T12:59:49.849+0000] {kafka_stream.py:59} ERROR - An error occured: Expecting value: line 1 column 1 (char 0)
[2024-06-18T12:59:50.076+0000] {kafka_stream.py:59} ERROR - An error occured: Expecting value: line 1 column 1 (char 0)
[2024-06-18T12:59:50.287+0000] {kafka_stream.py:59} ERROR - An error occured: Expecting value: line 1 column 1 (char 0)
[2024-06-18T12:59:50.562+0000] {kafka_stream.py:59} ERROR - An error occured: Expecting value: line 1 column 1 (char 0)
[2024-06-18T12:59:50.813+0000] {kafka_stream.py:59} ERROR - An error occured: Expecting value: line 1 column 1 (char 0)
[2024-06-18T12:59:50.997+0000] {kafka_stream.py:59} ERROR - An error occured: Expecting value: line 1 column 1 (char 0)
[2024-06-18T12:59:51.190+0000] {kafka_stream.py:59} ERROR - An error occured: Expecting value: line 1 column 1 (char 0)
[2024-06-18T12:59:51.378+0000] {kafka_stream.py:59} ERROR - An error occured: Expecting value: line 1 column 1 (char 0)
[2024-06-18T12:59:55.730+0000] {kafka_stream.py:59} ERROR - An error occured: Expecting value: line 1 column 1 (char 0)
[2024-06-18T12:59:58.076+0000] {kafka_stream.py:59} ERROR - An error occured: Expecting value: line 1 column 1 (char 0)
[2024-06-18T12:59:58.887+0000] {kafka_stream.py:59} ERROR - An error occured: Expecting value: line 1 column 1 (char 0)
[2024-06-18T12:59:59.172+0000] {kafka_stream.py:59} ERROR - An error occured: Expecting value: line 1 column 1 (char 0)
[2024-06-18T12:59:59.915+0000] {kafka_stream.py:59} ERROR - An error occured: Expecting value: line 1 column 1 (char 0)
[2024-06-18T13:00:00.174+0000] {kafka_stream.py:59} ERROR - An error occured: Expecting value: line 1 column 1 (char 0)
[2024-06-18T13:00:00.391+0000] {kafka_stream.py:59} ERROR - An error occured: Expecting value: line 1 column 1 (char 0)
[2024-06-18T13:00:01.481+0000] {kafka_stream.py:59} ERROR - An error occured: Expecting value: line 1 column 1 (char 0)
[2024-06-18T13:00:02.201+0000] {kafka_stream.py:59} ERROR - An error occured: Expecting value: line 1 column 1 (char 0)
[2024-06-18T13:00:03.014+0000] {kafka_stream.py:59} ERROR - An error occured: Expecting value: line 1 column 1 (char 0)
[2024-06-18T13:00:03.235+0000] {kafka_stream.py:59} ERROR - An error occured: Expecting value: line 1 column 1 (char 0)
[2024-06-18T13:00:03.445+0000] {kafka_stream.py:59} ERROR - An error occured: Expecting value: line 1 column 1 (char 0)
[2024-06-18T13:00:03.752+0000] {kafka_stream.py:59} ERROR - An error occured: Expecting value: line 1 column 1 (char 0)
[2024-06-18T13:00:04.014+0000] {kafka_stream.py:59} ERROR - An error occured: Expecting value: line 1 column 1 (char 0)
[2024-06-18T13:00:04.331+0000] {kafka_stream.py:59} ERROR - An error occured: Expecting value: line 1 column 1 (char 0)
[2024-06-18T13:00:05.626+0000] {kafka_stream.py:59} ERROR - An error occured: Expecting value: line 1 column 1 (char 0)
[2024-06-18T13:00:05.851+0000] {kafka_stream.py:59} ERROR - An error occured: Expecting value: line 1 column 1 (char 0)
[2024-06-18T13:00:06.600+0000] {kafka_stream.py:59} ERROR - An error occured: Expecting value: line 1 column 1 (char 0)
[2024-06-18T13:00:06.821+0000] {kafka_stream.py:59} ERROR - An error occured: Expecting value: line 1 column 1 (char 0)
[2024-06-18T13:00:07.394+0000] {kafka_stream.py:59} ERROR - An error occured: Expecting value: line 1 column 1 (char 0)
[2024-06-18T13:00:07.589+0000] {kafka_stream.py:59} ERROR - An error occured: Expecting value: line 1 column 1 (char 0)
[2024-06-18T13:00:07.900+0000] {kafka_stream.py:59} ERROR - An error occured: Expecting value: line 1 column 1 (char 0)
[2024-06-18T13:00:08.199+0000] {kafka_stream.py:59} ERROR - An error occured: Expecting value: line 1 column 1 (char 0)
[2024-06-18T13:00:08.404+0000] {kafka_stream.py:59} ERROR - An error occured: Expecting value: line 1 column 1 (char 0)
[2024-06-18T13:00:09.922+0000] {kafka_stream.py:59} ERROR - An error occured: Expecting value: line 1 column 1 (char 0)
[2024-06-18T13:00:10.156+0000] {kafka_stream.py:59} ERROR - An error occured: Expecting value: line 1 column 1 (char 0)
[2024-06-18T13:00:10.423+0000] {kafka_stream.py:59} ERROR - An error occured: Expecting value: line 1 column 1 (char 0)
[2024-06-18T13:00:10.645+0000] {kafka_stream.py:59} ERROR - An error occured: Expecting value: line 1 column 1 (char 0)
[2024-06-18T13:00:10.904+0000] {kafka_stream.py:59} ERROR - An error occured: Expecting value: line 1 column 1 (char 0)
[2024-06-18T13:00:11.204+0000] {kafka_stream.py:59} ERROR - An error occured: Expecting value: line 1 column 1 (char 0)
[2024-06-18T13:00:11.489+0000] {kafka_stream.py:59} ERROR - An error occured: Expecting value: line 1 column 1 (char 0)
[2024-06-18T13:00:11.743+0000] {kafka_stream.py:59} ERROR - An error occured: Expecting value: line 1 column 1 (char 0)
[2024-06-18T13:00:11.938+0000] {kafka_stream.py:59} ERROR - An error occured: Expecting value: line 1 column 1 (char 0)
[2024-06-18T13:00:12.154+0000] {kafka_stream.py:59} ERROR - An error occured: Expecting value: line 1 column 1 (char 0)
[2024-06-18T13:00:12.381+0000] {kafka_stream.py:59} ERROR - An error occured: Expecting value: line 1 column 1 (char 0)
[2024-06-18T13:00:12.595+0000] {kafka_stream.py:59} ERROR - An error occured: Expecting value: line 1 column 1 (char 0)
[2024-06-18T13:00:13.126+0000] {kafka_stream.py:59} ERROR - An error occured: Expecting value: line 1 column 1 (char 0)
[2024-06-18T13:00:13.336+0000] {kafka_stream.py:59} ERROR - An error occured: Expecting value: line 1 column 1 (char 0)
[2024-06-18T13:00:13.849+0000] {kafka_stream.py:59} ERROR - An error occured: Expecting value: line 1 column 1 (char 0)
[2024-06-18T13:00:14.092+0000] {kafka_stream.py:59} ERROR - An error occured: Expecting value: line 1 column 1 (char 0)
[2024-06-18T13:00:14.356+0000] {kafka_stream.py:59} ERROR - An error occured: Expecting value: line 1 column 1 (char 0)
[2024-06-18T13:00:14.631+0000] {kafka_stream.py:59} ERROR - An error occured: Expecting value: line 1 column 1 (char 0)
[2024-06-18T13:00:14.842+0000] {kafka_stream.py:59} ERROR - An error occured: Expecting value: line 1 column 1 (char 0)
[2024-06-18T13:00:15.047+0000] {kafka_stream.py:59} ERROR - An error occured: Expecting value: line 1 column 1 (char 0)
[2024-06-18T13:00:15.261+0000] {kafka_stream.py:59} ERROR - An error occured: Expecting value: line 1 column 1 (char 0)
[2024-06-18T13:00:16.036+0000] {kafka_stream.py:59} ERROR - An error occured: Expecting value: line 1 column 1 (char 0)
[2024-06-18T13:00:16.282+0000] {kafka_stream.py:59} ERROR - An error occured: Expecting value: line 1 column 1 (char 0)
[2024-06-18T13:00:16.488+0000] {kafka_stream.py:59} ERROR - An error occured: Expecting value: line 1 column 1 (char 0)
[2024-06-18T13:00:16.721+0000] {kafka_stream.py:59} ERROR - An error occured: Expecting value: line 1 column 1 (char 0)
[2024-06-18T13:00:17.545+0000] {kafka_stream.py:59} ERROR - An error occured: Expecting value: line 1 column 1 (char 0)
[2024-06-18T13:00:17.876+0000] {kafka_stream.py:59} ERROR - An error occured: Expecting value: line 1 column 1 (char 0)
[2024-06-18T13:00:18.258+0000] {kafka_stream.py:59} ERROR - An error occured: Expecting value: line 1 column 1 (char 0)
[2024-06-18T13:00:19.102+0000] {kafka_stream.py:59} ERROR - An error occured: Expecting value: line 1 column 1 (char 0)
[2024-06-18T13:00:19.312+0000] {kafka_stream.py:59} ERROR - An error occured: Expecting value: line 1 column 1 (char 0)
[2024-06-18T13:00:19.314+0000] {conn.py:919} INFO - <BrokerConnection node_id=1 host=kafka1:29092 <connected> [IPv4 ('172.18.0.8', 29092)]>: Closing connection. 
[2024-06-18T13:00:19.318+0000] {python.py:237} INFO - Done. Returned value was: None
[2024-06-18T13:00:19.325+0000] {taskinstance.py:441} INFO - ::group::Post task execution logs
[2024-06-18T13:00:19.345+0000] {taskinstance.py:1206} INFO - Marking task as SUCCESS. dag_id=user_automation, task_id=stream_data_from_api, run_id=scheduled__2024-06-14T00:00:00+00:00, execution_date=20240614T000000, start_date=20240618T125915, end_date=20240618T130019
[2024-06-18T13:00:19.466+0000] {local_task_job_runner.py:240} INFO - Task exited with return code 0
[2024-06-18T13:00:19.595+0000] {taskinstance.py:3498} INFO - 1 downstream tasks scheduled from follow-on schedule check
[2024-06-18T13:00:19.613+0000] {local_task_job_runner.py:222} INFO - ::endgroup::
