[2024-06-18T12:59:15.360+0000] {local_task_job_runner.py:120} INFO - ::group::Pre task execution logs
[2024-06-18T12:59:15.437+0000] {taskinstance.py:2076} INFO - Dependencies all met for dep_context=non-requeueable deps ti=<TaskInstance: user_automation.stream_data_from_api scheduled__2024-06-17T00:00:00+00:00 [queued]>
[2024-06-18T12:59:15.497+0000] {taskinstance.py:2076} INFO - Dependencies all met for dep_context=requeueable deps ti=<TaskInstance: user_automation.stream_data_from_api scheduled__2024-06-17T00:00:00+00:00 [queued]>
[2024-06-18T12:59:15.513+0000] {taskinstance.py:2306} INFO - Starting attempt 1 of 6
[2024-06-18T12:59:15.606+0000] {taskinstance.py:2330} INFO - Executing <Task(PythonOperator): stream_data_from_api> on 2024-06-17 00:00:00+00:00
[2024-06-18T12:59:15.709+0000] {standard_task_runner.py:63} INFO - Started process 13960 to run task
[2024-06-18T12:59:15.720+0000] {standard_task_runner.py:90} INFO - Running: ['***', 'tasks', 'run', 'user_automation', 'stream_data_from_api', 'scheduled__2024-06-17T00:00:00+00:00', '--job-id', '2', '--raw', '--subdir', 'DAGS_FOLDER/kafka_stream.py', '--cfg-path', '/tmp/tmpc_7jer6u']
[2024-06-18T12:59:15.728+0000] {standard_task_runner.py:91} INFO - Job 2: Subtask stream_data_from_api
[2024-06-18T12:59:16.018+0000] {logging_mixin.py:188} WARNING - /home/***/.local/lib/python3.11/site-packages/***/settings.py:195 DeprecationWarning: The sql_alchemy_conn option in [core] has been moved to the sql_alchemy_conn option in [database] - the old setting has been used, but please update your config.
[2024-06-18T12:59:17.135+0000] {task_command.py:426} INFO - Running <TaskInstance: user_automation.stream_data_from_api scheduled__2024-06-17T00:00:00+00:00 [running]> on host 75e5c4deb481
[2024-06-18T12:59:18.767+0000] {taskinstance.py:2648} INFO - Exporting env vars: AIRFLOW_CTX_DAG_OWNER='gauss' AIRFLOW_CTX_DAG_ID='user_automation' AIRFLOW_CTX_TASK_ID='stream_data_from_api' AIRFLOW_CTX_EXECUTION_DATE='2024-06-17T00:00:00+00:00' AIRFLOW_CTX_TRY_NUMBER='1' AIRFLOW_CTX_DAG_RUN_ID='scheduled__2024-06-17T00:00:00+00:00'
[2024-06-18T12:59:18.776+0000] {taskinstance.py:430} INFO - ::endgroup::
[2024-06-18T12:59:18.902+0000] {conn.py:380} INFO - <BrokerConnection node_id=bootstrap-0 host=kafka1:29092 <connecting> [IPv4 ('172.18.0.8', 29092)]>: connecting to kafka1:29092 [('172.18.0.8', 29092) IPv4]
[2024-06-18T12:59:18.916+0000] {conn.py:1205} INFO - Probing node bootstrap-0 broker version
[2024-06-18T12:59:18.928+0000] {conn.py:410} INFO - <BrokerConnection node_id=bootstrap-0 host=kafka1:29092 <connecting> [IPv4 ('172.18.0.8', 29092)]>: Connection complete.
[2024-06-18T12:59:19.258+0000] {conn.py:1267} INFO - Broker version identified as 2.5.0
[2024-06-18T12:59:19.272+0000] {conn.py:1268} INFO - Set configuration api_version=(2, 5, 0) to skip auto check_version requests on startup
[2024-06-18T12:59:20.236+0000] {kafka_stream.py:59} ERROR - An error occured: Expecting value: line 1 column 1 (char 0)
[2024-06-18T12:59:20.849+0000] {kafka_stream.py:59} ERROR - An error occured: Expecting value: line 1 column 1 (char 0)
[2024-06-18T12:59:21.757+0000] {conn.py:380} INFO - <BrokerConnection node_id=1 host=kafka1:29092 <connecting> [IPv4 ('172.18.0.8', 29092)]>: connecting to kafka1:29092 [('172.18.0.8', 29092) IPv4]
[2024-06-18T12:59:21.759+0000] {conn.py:410} INFO - <BrokerConnection node_id=1 host=kafka1:29092 <connecting> [IPv4 ('172.18.0.8', 29092)]>: Connection complete.
[2024-06-18T12:59:21.760+0000] {conn.py:919} INFO - <BrokerConnection node_id=bootstrap-0 host=kafka1:29092 <connected> [IPv4 ('172.18.0.8', 29092)]>: Closing connection. 
[2024-06-18T12:59:22.297+0000] {kafka_stream.py:59} ERROR - An error occured: Expecting value: line 1 column 1 (char 0)
[2024-06-18T12:59:22.532+0000] {kafka_stream.py:59} ERROR - An error occured: Expecting value: line 1 column 1 (char 0)
[2024-06-18T12:59:22.780+0000] {kafka_stream.py:59} ERROR - An error occured: Expecting value: line 1 column 1 (char 0)
[2024-06-18T12:59:23.637+0000] {kafka_stream.py:59} ERROR - An error occured: Expecting value: line 1 column 1 (char 0)
[2024-06-18T12:59:24.423+0000] {kafka_stream.py:59} ERROR - An error occured: Expecting value: line 1 column 1 (char 0)
[2024-06-18T12:59:24.678+0000] {kafka_stream.py:59} ERROR - An error occured: Expecting value: line 1 column 1 (char 0)
[2024-06-18T12:59:24.954+0000] {kafka_stream.py:59} ERROR - An error occured: Expecting value: line 1 column 1 (char 0)
[2024-06-18T12:59:25.224+0000] {kafka_stream.py:59} ERROR - An error occured: Expecting value: line 1 column 1 (char 0)
[2024-06-18T12:59:25.984+0000] {kafka_stream.py:59} ERROR - An error occured: Expecting value: line 1 column 1 (char 0)
[2024-06-18T12:59:29.148+0000] {kafka_stream.py:59} ERROR - An error occured: Expecting value: line 1 column 1 (char 0)
[2024-06-18T12:59:29.372+0000] {kafka_stream.py:59} ERROR - An error occured: Expecting value: line 1 column 1 (char 0)
[2024-06-18T12:59:29.569+0000] {kafka_stream.py:59} ERROR - An error occured: Expecting value: line 1 column 1 (char 0)
[2024-06-18T12:59:29.807+0000] {kafka_stream.py:59} ERROR - An error occured: Expecting value: line 1 column 1 (char 0)
[2024-06-18T12:59:30.002+0000] {kafka_stream.py:59} ERROR - An error occured: Expecting value: line 1 column 1 (char 0)
[2024-06-18T12:59:30.251+0000] {kafka_stream.py:59} ERROR - An error occured: Expecting value: line 1 column 1 (char 0)
[2024-06-18T12:59:30.520+0000] {kafka_stream.py:59} ERROR - An error occured: Expecting value: line 1 column 1 (char 0)
[2024-06-18T12:59:30.765+0000] {kafka_stream.py:59} ERROR - An error occured: Expecting value: line 1 column 1 (char 0)
[2024-06-18T12:59:30.972+0000] {kafka_stream.py:59} ERROR - An error occured: Expecting value: line 1 column 1 (char 0)
[2024-06-18T12:59:31.246+0000] {kafka_stream.py:59} ERROR - An error occured: Expecting value: line 1 column 1 (char 0)
[2024-06-18T12:59:31.508+0000] {kafka_stream.py:59} ERROR - An error occured: Expecting value: line 1 column 1 (char 0)
[2024-06-18T12:59:32.207+0000] {kafka_stream.py:59} ERROR - An error occured: Expecting value: line 1 column 1 (char 0)
[2024-06-18T12:59:33.002+0000] {kafka_stream.py:59} ERROR - An error occured: Expecting value: line 1 column 1 (char 0)
[2024-06-18T12:59:34.283+0000] {kafka_stream.py:59} ERROR - An error occured: Expecting value: line 1 column 1 (char 0)
[2024-06-18T12:59:34.537+0000] {kafka_stream.py:59} ERROR - An error occured: Expecting value: line 1 column 1 (char 0)
[2024-06-18T12:59:35.828+0000] {kafka_stream.py:59} ERROR - An error occured: Expecting value: line 1 column 1 (char 0)
[2024-06-18T12:59:36.045+0000] {kafka_stream.py:59} ERROR - An error occured: Expecting value: line 1 column 1 (char 0)
[2024-06-18T12:59:36.255+0000] {kafka_stream.py:59} ERROR - An error occured: Expecting value: line 1 column 1 (char 0)
[2024-06-18T12:59:36.544+0000] {kafka_stream.py:59} ERROR - An error occured: Expecting value: line 1 column 1 (char 0)
[2024-06-18T12:59:36.771+0000] {kafka_stream.py:59} ERROR - An error occured: Expecting value: line 1 column 1 (char 0)
[2024-06-18T12:59:36.986+0000] {kafka_stream.py:59} ERROR - An error occured: Expecting value: line 1 column 1 (char 0)
[2024-06-18T12:59:37.191+0000] {kafka_stream.py:59} ERROR - An error occured: Expecting value: line 1 column 1 (char 0)
[2024-06-18T12:59:37.978+0000] {kafka_stream.py:59} ERROR - An error occured: Expecting value: line 1 column 1 (char 0)
[2024-06-18T12:59:38.246+0000] {kafka_stream.py:59} ERROR - An error occured: Expecting value: line 1 column 1 (char 0)
[2024-06-18T12:59:38.464+0000] {kafka_stream.py:59} ERROR - An error occured: Expecting value: line 1 column 1 (char 0)
[2024-06-18T12:59:38.668+0000] {kafka_stream.py:59} ERROR - An error occured: Expecting value: line 1 column 1 (char 0)
[2024-06-18T12:59:39.440+0000] {kafka_stream.py:59} ERROR - An error occured: Expecting value: line 1 column 1 (char 0)
[2024-06-18T12:59:39.695+0000] {kafka_stream.py:59} ERROR - An error occured: Expecting value: line 1 column 1 (char 0)
[2024-06-18T12:59:39.927+0000] {kafka_stream.py:59} ERROR - An error occured: Expecting value: line 1 column 1 (char 0)
[2024-06-18T12:59:40.692+0000] {kafka_stream.py:59} ERROR - An error occured: Expecting value: line 1 column 1 (char 0)
[2024-06-18T12:59:41.011+0000] {kafka_stream.py:59} ERROR - An error occured: Expecting value: line 1 column 1 (char 0)
[2024-06-18T12:59:41.298+0000] {kafka_stream.py:59} ERROR - An error occured: Expecting value: line 1 column 1 (char 0)
[2024-06-18T12:59:42.069+0000] {kafka_stream.py:59} ERROR - An error occured: Expecting value: line 1 column 1 (char 0)
[2024-06-18T12:59:42.323+0000] {kafka_stream.py:59} ERROR - An error occured: Expecting value: line 1 column 1 (char 0)
[2024-06-18T12:59:42.561+0000] {kafka_stream.py:59} ERROR - An error occured: Expecting value: line 1 column 1 (char 0)
[2024-06-18T12:59:42.759+0000] {kafka_stream.py:59} ERROR - An error occured: Expecting value: line 1 column 1 (char 0)
[2024-06-18T12:59:42.959+0000] {kafka_stream.py:59} ERROR - An error occured: Expecting value: line 1 column 1 (char 0)
[2024-06-18T12:59:44.274+0000] {kafka_stream.py:59} ERROR - An error occured: Expecting value: line 1 column 1 (char 0)
[2024-06-18T12:59:44.469+0000] {kafka_stream.py:59} ERROR - An error occured: Expecting value: line 1 column 1 (char 0)
[2024-06-18T12:59:44.676+0000] {kafka_stream.py:59} ERROR - An error occured: Expecting value: line 1 column 1 (char 0)
[2024-06-18T12:59:45.495+0000] {kafka_stream.py:59} ERROR - An error occured: Expecting value: line 1 column 1 (char 0)
[2024-06-18T12:59:46.286+0000] {kafka_stream.py:59} ERROR - An error occured: Expecting value: line 1 column 1 (char 0)
[2024-06-18T12:59:46.499+0000] {kafka_stream.py:59} ERROR - An error occured: Expecting value: line 1 column 1 (char 0)
[2024-06-18T12:59:46.768+0000] {kafka_stream.py:59} ERROR - An error occured: Expecting value: line 1 column 1 (char 0)
[2024-06-18T12:59:46.956+0000] {kafka_stream.py:59} ERROR - An error occured: Expecting value: line 1 column 1 (char 0)
[2024-06-18T12:59:47.557+0000] {kafka_stream.py:59} ERROR - An error occured: Expecting value: line 1 column 1 (char 0)
[2024-06-18T12:59:47.812+0000] {kafka_stream.py:59} ERROR - An error occured: Expecting value: line 1 column 1 (char 0)
[2024-06-18T12:59:48.139+0000] {kafka_stream.py:59} ERROR - An error occured: Expecting value: line 1 column 1 (char 0)
[2024-06-18T12:59:48.401+0000] {kafka_stream.py:59} ERROR - An error occured: Expecting value: line 1 column 1 (char 0)
[2024-06-18T12:59:49.208+0000] {kafka_stream.py:59} ERROR - An error occured: Expecting value: line 1 column 1 (char 0)
[2024-06-18T12:59:49.486+0000] {kafka_stream.py:59} ERROR - An error occured: Expecting value: line 1 column 1 (char 0)
[2024-06-18T12:59:49.755+0000] {kafka_stream.py:59} ERROR - An error occured: Expecting value: line 1 column 1 (char 0)
[2024-06-18T12:59:50.014+0000] {kafka_stream.py:59} ERROR - An error occured: Expecting value: line 1 column 1 (char 0)
[2024-06-18T12:59:50.279+0000] {kafka_stream.py:59} ERROR - An error occured: Expecting value: line 1 column 1 (char 0)
[2024-06-18T12:59:50.490+0000] {kafka_stream.py:59} ERROR - An error occured: Expecting value: line 1 column 1 (char 0)
[2024-06-18T12:59:50.675+0000] {kafka_stream.py:59} ERROR - An error occured: Expecting value: line 1 column 1 (char 0)
[2024-06-18T12:59:50.884+0000] {kafka_stream.py:59} ERROR - An error occured: Expecting value: line 1 column 1 (char 0)
[2024-06-18T12:59:51.146+0000] {kafka_stream.py:59} ERROR - An error occured: Expecting value: line 1 column 1 (char 0)
[2024-06-18T12:59:51.409+0000] {kafka_stream.py:59} ERROR - An error occured: Expecting value: line 1 column 1 (char 0)
[2024-06-18T12:59:52.408+0000] {kafka_stream.py:59} ERROR - An error occured: Expecting value: line 1 column 1 (char 0)
[2024-06-18T12:59:52.999+0000] {kafka_stream.py:59} ERROR - An error occured: Expecting value: line 1 column 1 (char 0)
[2024-06-18T12:59:53.207+0000] {kafka_stream.py:59} ERROR - An error occured: Expecting value: line 1 column 1 (char 0)
[2024-06-18T12:59:53.408+0000] {kafka_stream.py:59} ERROR - An error occured: Expecting value: line 1 column 1 (char 0)
[2024-06-18T12:59:53.611+0000] {kafka_stream.py:59} ERROR - An error occured: Expecting value: line 1 column 1 (char 0)
[2024-06-18T12:59:53.803+0000] {kafka_stream.py:59} ERROR - An error occured: Expecting value: line 1 column 1 (char 0)
[2024-06-18T12:59:54.053+0000] {kafka_stream.py:59} ERROR - An error occured: Expecting value: line 1 column 1 (char 0)
[2024-06-18T12:59:54.321+0000] {kafka_stream.py:59} ERROR - An error occured: Expecting value: line 1 column 1 (char 0)
[2024-06-18T12:59:54.580+0000] {kafka_stream.py:59} ERROR - An error occured: Expecting value: line 1 column 1 (char 0)
[2024-06-18T12:59:54.789+0000] {kafka_stream.py:59} ERROR - An error occured: Expecting value: line 1 column 1 (char 0)
[2024-06-18T12:59:54.977+0000] {kafka_stream.py:59} ERROR - An error occured: Expecting value: line 1 column 1 (char 0)
[2024-06-18T12:59:55.226+0000] {kafka_stream.py:59} ERROR - An error occured: Expecting value: line 1 column 1 (char 0)
[2024-06-18T12:59:55.431+0000] {kafka_stream.py:59} ERROR - An error occured: Expecting value: line 1 column 1 (char 0)
[2024-06-18T12:59:55.743+0000] {kafka_stream.py:59} ERROR - An error occured: Expecting value: line 1 column 1 (char 0)
[2024-06-18T12:59:56.081+0000] {kafka_stream.py:59} ERROR - An error occured: Expecting value: line 1 column 1 (char 0)
[2024-06-18T12:59:56.388+0000] {kafka_stream.py:59} ERROR - An error occured: Expecting value: line 1 column 1 (char 0)
[2024-06-18T12:59:56.803+0000] {kafka_stream.py:59} ERROR - An error occured: Expecting value: line 1 column 1 (char 0)
[2024-06-18T12:59:57.191+0000] {kafka_stream.py:59} ERROR - An error occured: Expecting value: line 1 column 1 (char 0)
[2024-06-18T12:59:57.442+0000] {kafka_stream.py:59} ERROR - An error occured: Expecting value: line 1 column 1 (char 0)
[2024-06-18T12:59:57.693+0000] {kafka_stream.py:59} ERROR - An error occured: Expecting value: line 1 column 1 (char 0)
[2024-06-18T12:59:57.979+0000] {kafka_stream.py:59} ERROR - An error occured: Expecting value: line 1 column 1 (char 0)
[2024-06-18T12:59:58.180+0000] {kafka_stream.py:59} ERROR - An error occured: Expecting value: line 1 column 1 (char 0)
[2024-06-18T12:59:58.368+0000] {kafka_stream.py:59} ERROR - An error occured: Expecting value: line 1 column 1 (char 0)
[2024-06-18T12:59:58.565+0000] {kafka_stream.py:59} ERROR - An error occured: Expecting value: line 1 column 1 (char 0)
[2024-06-18T12:59:58.766+0000] {kafka_stream.py:59} ERROR - An error occured: Expecting value: line 1 column 1 (char 0)
[2024-06-18T12:59:58.970+0000] {kafka_stream.py:59} ERROR - An error occured: Expecting value: line 1 column 1 (char 0)
[2024-06-18T12:59:59.193+0000] {kafka_stream.py:59} ERROR - An error occured: Expecting value: line 1 column 1 (char 0)
[2024-06-18T12:59:59.475+0000] {kafka_stream.py:59} ERROR - An error occured: Expecting value: line 1 column 1 (char 0)
[2024-06-18T12:59:59.675+0000] {kafka_stream.py:59} ERROR - An error occured: Expecting value: line 1 column 1 (char 0)
[2024-06-18T12:59:59.938+0000] {kafka_stream.py:59} ERROR - An error occured: Expecting value: line 1 column 1 (char 0)
[2024-06-18T13:00:00.174+0000] {kafka_stream.py:59} ERROR - An error occured: Expecting value: line 1 column 1 (char 0)
[2024-06-18T13:00:01.447+0000] {kafka_stream.py:59} ERROR - An error occured: Expecting value: line 1 column 1 (char 0)
[2024-06-18T13:00:01.654+0000] {kafka_stream.py:59} ERROR - An error occured: Expecting value: line 1 column 1 (char 0)
[2024-06-18T13:00:02.387+0000] {kafka_stream.py:59} ERROR - An error occured: Expecting value: line 1 column 1 (char 0)
[2024-06-18T13:00:02.582+0000] {kafka_stream.py:59} ERROR - An error occured: Expecting value: line 1 column 1 (char 0)
[2024-06-18T13:00:02.802+0000] {kafka_stream.py:59} ERROR - An error occured: Expecting value: line 1 column 1 (char 0)
[2024-06-18T13:00:03.003+0000] {kafka_stream.py:59} ERROR - An error occured: Expecting value: line 1 column 1 (char 0)
[2024-06-18T13:00:03.271+0000] {kafka_stream.py:59} ERROR - An error occured: Expecting value: line 1 column 1 (char 0)
[2024-06-18T13:00:03.488+0000] {kafka_stream.py:59} ERROR - An error occured: Expecting value: line 1 column 1 (char 0)
[2024-06-18T13:00:04.042+0000] {kafka_stream.py:59} ERROR - An error occured: Expecting value: line 1 column 1 (char 0)
[2024-06-18T13:00:04.404+0000] {kafka_stream.py:59} ERROR - An error occured: Expecting value: line 1 column 1 (char 0)
[2024-06-18T13:00:04.631+0000] {kafka_stream.py:59} ERROR - An error occured: Expecting value: line 1 column 1 (char 0)
[2024-06-18T13:00:04.866+0000] {kafka_stream.py:59} ERROR - An error occured: Expecting value: line 1 column 1 (char 0)
[2024-06-18T13:00:05.154+0000] {kafka_stream.py:59} ERROR - An error occured: Expecting value: line 1 column 1 (char 0)
[2024-06-18T13:00:06.786+0000] {kafka_stream.py:59} ERROR - An error occured: Expecting value: line 1 column 1 (char 0)
[2024-06-18T13:00:07.007+0000] {kafka_stream.py:59} ERROR - An error occured: Expecting value: line 1 column 1 (char 0)
[2024-06-18T13:00:07.760+0000] {kafka_stream.py:59} ERROR - An error occured: Expecting value: line 1 column 1 (char 0)
[2024-06-18T13:00:08.542+0000] {kafka_stream.py:59} ERROR - An error occured: Expecting value: line 1 column 1 (char 0)
[2024-06-18T13:00:08.801+0000] {kafka_stream.py:59} ERROR - An error occured: Expecting value: line 1 column 1 (char 0)
[2024-06-18T13:00:08.996+0000] {kafka_stream.py:59} ERROR - An error occured: Expecting value: line 1 column 1 (char 0)
[2024-06-18T13:00:09.222+0000] {kafka_stream.py:59} ERROR - An error occured: Expecting value: line 1 column 1 (char 0)
[2024-06-18T13:00:09.522+0000] {kafka_stream.py:59} ERROR - An error occured: Expecting value: line 1 column 1 (char 0)
[2024-06-18T13:00:09.849+0000] {kafka_stream.py:59} ERROR - An error occured: Expecting value: line 1 column 1 (char 0)
[2024-06-18T13:00:10.080+0000] {kafka_stream.py:59} ERROR - An error occured: Expecting value: line 1 column 1 (char 0)
[2024-06-18T13:00:10.350+0000] {kafka_stream.py:59} ERROR - An error occured: Expecting value: line 1 column 1 (char 0)
[2024-06-18T13:00:10.625+0000] {kafka_stream.py:59} ERROR - An error occured: Expecting value: line 1 column 1 (char 0)
[2024-06-18T13:00:10.865+0000] {kafka_stream.py:59} ERROR - An error occured: Expecting value: line 1 column 1 (char 0)
[2024-06-18T13:00:11.684+0000] {kafka_stream.py:59} ERROR - An error occured: Expecting value: line 1 column 1 (char 0)
[2024-06-18T13:00:11.947+0000] {kafka_stream.py:59} ERROR - An error occured: Expecting value: line 1 column 1 (char 0)
[2024-06-18T13:00:12.725+0000] {kafka_stream.py:59} ERROR - An error occured: Expecting value: line 1 column 1 (char 0)
[2024-06-18T13:00:12.956+0000] {kafka_stream.py:59} ERROR - An error occured: Expecting value: line 1 column 1 (char 0)
[2024-06-18T13:00:15.242+0000] {kafka_stream.py:59} ERROR - An error occured: Expecting value: line 1 column 1 (char 0)
[2024-06-18T13:00:15.461+0000] {kafka_stream.py:59} ERROR - An error occured: Expecting value: line 1 column 1 (char 0)
[2024-06-18T13:00:15.694+0000] {kafka_stream.py:59} ERROR - An error occured: Expecting value: line 1 column 1 (char 0)
[2024-06-18T13:00:17.050+0000] {kafka_stream.py:59} ERROR - An error occured: Expecting value: line 1 column 1 (char 0)
[2024-06-18T13:00:17.405+0000] {kafka_stream.py:59} ERROR - An error occured: Expecting value: line 1 column 1 (char 0)
[2024-06-18T13:00:17.854+0000] {kafka_stream.py:59} ERROR - An error occured: Expecting value: line 1 column 1 (char 0)
[2024-06-18T13:00:18.763+0000] {kafka_stream.py:59} ERROR - An error occured: Expecting value: line 1 column 1 (char 0)
[2024-06-18T13:00:18.972+0000] {kafka_stream.py:59} ERROR - An error occured: Expecting value: line 1 column 1 (char 0)
[2024-06-18T13:00:19.166+0000] {kafka_stream.py:59} ERROR - An error occured: Expecting value: line 1 column 1 (char 0)
[2024-06-18T13:00:19.409+0000] {kafka_stream.py:59} ERROR - An error occured: Expecting value: line 1 column 1 (char 0)
[2024-06-18T13:00:19.413+0000] {conn.py:919} INFO - <BrokerConnection node_id=1 host=kafka1:29092 <connected> [IPv4 ('172.18.0.8', 29092)]>: Closing connection. 
[2024-06-18T13:00:19.431+0000] {python.py:237} INFO - Done. Returned value was: None
[2024-06-18T13:00:19.442+0000] {taskinstance.py:441} INFO - ::group::Post task execution logs
[2024-06-18T13:00:19.475+0000] {taskinstance.py:1206} INFO - Marking task as SUCCESS. dag_id=user_automation, task_id=stream_data_from_api, run_id=scheduled__2024-06-17T00:00:00+00:00, execution_date=20240617T000000, start_date=20240618T125915, end_date=20240618T130019
[2024-06-18T13:00:19.594+0000] {local_task_job_runner.py:240} INFO - Task exited with return code 0
[2024-06-18T13:00:19.684+0000] {taskinstance.py:3498} INFO - 1 downstream tasks scheduled from follow-on schedule check
[2024-06-18T13:00:19.733+0000] {local_task_job_runner.py:222} INFO - ::endgroup::
